➤ YN0009: ➤ YN0000: └ Build finished
➤ YN0000: [13:0/13]

➤ YN0009: ➤ YN0000: └ Build finished
➤ YN0000: [13:0/13]

➤ YN0009: ➤ YN0000: └ Run finished
➤ YN0000: [13:0/13]

➤ YN0009: ➤ YN0000: └ Run finished
➤ YN0000: [13:0/13]

➤ YN0009: ➤ YN0000: └ Run finished
➤ YN0000: [13:0/13]

➤ YN0009: ➤ YN0000: └ Run finished
➤ YN0000: [13:0/13]

➤ YN0009: ➤ YN0000: └ Run finished
➤ YN0000: [13:0/13]

➤ YN0009: ➤ YN0000: └ Run finished
➤ YN0000: [13:0/13]

➤ YN0009: ➤ YN0000: └ Run finished
➤ YN0000: [0:0/0]

➤ YN0009: ➤ YN0000: └ Run finished
➤ YN0000: [13:0/13]

➤ YN0009: ➤ YN0000: └ Run finished
➤ YN0000: [13:0/13]

➤ YN0009: ➤ YN0000: └ Run finished
➤ YN0000: [13:0/13]

➤ YN0009: ➤ YN0000: └ build finished
➤ YN0000: [13:0/13]

➤ YN0009: ➤ YN0000: └ build finished
➤ YN0000: [13:0/13]

➤ YN0009: ➤ YN0000: └ build finished
➤ YN0000: [13:0/13]

➤ YN0009: ➤ YN0000: └ build finished
➤ YN0000: [13:0/13]

➤ YN0009: packages/examples/lorem-ipsum undefined
➤ YN0009: ➤ YN0000: ┌ Run build for All
➤ YN0009: ➤ YN0009: │ ┌ Errors for packages/examples/lorem-ipsum
➤ YN0009: ➤ YN0009: │ │ src/index.ts:7:1 - error TS2304: Cannot find name 'f'.
➤ YN0009: ➤ YN0009: │ │ 7 f;
➤ YN0009: ➤ YN0009: │ │   ~
➤ YN0009: ➤ YN0009: │ │ Found 1 error.
➤ YN0009: ➤ YN0009: │ └ End packages/examples/lorem-ipsum
➤ YN0009: ➤ YN0009: │ ┌ Errors packages/examples/lorem-ipsum
➤ YN0009: ➤ YN0009: │ │ undefined
➤ YN0009: ➤ YN0009: │ └ Errors packages/examples/lorem-ipsum
➤ YN0009: ➤ YN0000: └ build finished with 1 errors
➤ YN0000: [12:1/13]

➤ YN0009: ➤ YN0000: └ build finished
➤ YN0000: [13:0/13]

➤ YN0009: ➤ YN0000: └ Run [ build finished ]
➤ YN0000: [13:0/13]

➤ YN0009: ➤ YN0000: └ Run [ build finished ]
➤ YN0000: [13:0/13]

➤ YN0009: ➤ YN0000: └ Run [ build finished ]
➤ YN0000: [13:0/13]

➤ YN0009: ➤ YN0000: ➤ Run [ build finished ]
➤ YN0000: [13:0/13]

➤ YN0009: ➤ YN0000: ➤ Run [ build finished ]
➤ YN0000: [13:0/13]

➤ YN0009: ➤ YN0000: ➤ Run [ build finished ]
➤ YN0000: [13:0/13]

➤ YN0009: ➤ YN0000: ➤ Run [ build finished ]
➤ YN0000: [13:0/13]

➤ YN0009: ➤ YN0000: ➤ Run [ build finished ]
➤ YN0000: [13:0/13]

➤ YN0009: ➤ YN0000: ➤ Run [ build finished ]
➤ YN0000: [13:0/13]

➤ YN0009: ➤ YN0000: ➤ Run [ build finished ]
➤ YN0000: [1:0/1]

➤ YN0009: ➤ YN0000: ➤ Run [ build finished ]
➤ YN0000: [12:0/12]

➤ YN0009: ➤ YN0000: ➤ Run [ build finished ]
➤ YN0000: [1:0/1]

➤ YN0009: ➤ YN0000: ➤ Run [ build finished ]
➤ YN0000: [12:0/12]

➤ YN0009: ➤ YN0000: ➤ Run [ build finished ]
➤ YN0000: [1:0/1]

➤ YN0009: ➤ YN0000: ➤ Run [ build finished ]
➤ YN0000: [13:0/13]

➤ YN0009: ➤ YN0000: ➤ Run [ build finished ]
➤ YN0000: [13:0/13]

➤ YN0009: ➤ YN0000: ➤ Run [ build finished ]
➤ YN0000: [0:0/0]

➤ YN0009: ➤ YN0000: ➤ Run [ build finished ]
➤ YN0000: [0:0/0]

➤ YN0009: ➤ YN0000: ➤ Run [ build finished ]
➤ YN0000: [1:0/1]

➤ YN0009: ➤ YN0000: ➤ Run [ build finished ]
➤ YN0000: [1:0/1]

➤ YN0009: ➤ YN0000: ➤ Run [ build finished ]
➤ YN0000: [0:0/0]

➤ YN0009: ➤ YN0000: ➤ Run [ build finished ]
➤ YN0000: [0:0/0]

➤ YN0009: ➤ YN0000: ➤ Run [ build finished ]
➤ YN0000: [0:0/0]

➤ YN0009: ➤ YN0000: ➤ Run [ build finished ]
➤ YN0000: [0:0/0]

➤ YN0009: ➤ YN0000: ➤ Run [ build finished ]
➤ YN0000: [13:0/13]

➤ YN0009: ➤ YN0000: ➤ Run [ build finished ]
➤ YN0000: [13:0/13]

➤ YN0009: ➤ YN0000: ➤ Run [ build finished ]
➤ YN0000: [13:0/13]

➤ YN0009: ➤ YN0000: ➤ Run [ build finished ]
➤ YN0000: [13:0/13]

➤ YN0009: packages/plugins/plugin-build undefined
➤ YN0009: packages/examples/phrases/nullam-risus PASS src/index.spec.ts
  ✓ phrase matches expected (1 ms)

Test Suites: 1 passed, 1 total
Tests:       1 passed, 1 total
Snapshots:   0 total
Time:        0.933 s, estimated 1 s
Ran all test suites.

➤ YN0009: packages/examples/phrases/in-hac PASS src/index.spec.ts
  ✓ phrase matches expected (1 ms)

Test Suites: 1 passed, 1 total
Tests:       1 passed, 1 total
Snapshots:   0 total
Time:        0.849 s, estimated 1 s
Ran all test suites.

➤ YN0009: packages/examples/phrases/lorem-ipsum PASS src/index.spec.ts
  ✓ phrase matches expected (1 ms)

Test Suites: 1 passed, 1 total
Tests:       1 passed, 1 total
Snapshots:   0 total
Time:        0.913 s, estimated 1 s
Ran all test suites.

➤ YN0009: packages/examples/lorem-ipsum PASS src/index.spec.ts
  ✓ lipsum matches expected (1 ms)

Test Suites: 1 passed, 1 total
Tests:       1 passed, 1 total
Snapshots:   0 total
Time:        1.332 s
Ran all test suites.

➤ YN0009: ➤ YN0000: ┌ Run test for All
➤ YN0009: ➤ YN0009: │ ┌ Errors packages/examples/phrases/in-hac
➤ YN0009: ➤ YN0009: │ │ PASS src/index.spec.ts
➤ YN0009: ➤ YN0009: │ │   ✓ phrase matches expected (1 ms)
➤ YN0009: ➤ YN0009: │ │ Test Suites: 1 passed, 1 total
➤ YN0009: ➤ YN0009: │ │ Tests:       1 passed, 1 total
➤ YN0009: ➤ YN0009: │ │ Snapshots:   0 total
➤ YN0009: ➤ YN0009: │ │ Time:        0.849 s, estimated 1 s
➤ YN0009: ➤ YN0009: │ │ Ran all test suites.
➤ YN0009: ➤ YN0009: │ └ Errors packages/examples/phrases/in-hac
➤ YN0009: ➤ YN0009: │ ┌ Errors packages/examples/phrases/nullam-risus
➤ YN0009: ➤ YN0009: │ │ PASS src/index.spec.ts
➤ YN0009: ➤ YN0009: │ │   ✓ phrase matches expected (1 ms)
➤ YN0009: ➤ YN0009: │ │ Test Suites: 1 passed, 1 total
➤ YN0009: ➤ YN0009: │ │ Tests:       1 passed, 1 total
➤ YN0009: ➤ YN0009: │ │ Snapshots:   0 total
➤ YN0009: ➤ YN0009: │ │ Time:        0.933 s, estimated 1 s
➤ YN0009: ➤ YN0009: │ │ Ran all test suites.
➤ YN0009: ➤ YN0009: │ └ Errors packages/examples/phrases/nullam-risus
➤ YN0009: ➤ YN0009: │ ┌ Errors packages/examples/phrases/lorem-ipsum
➤ YN0009: ➤ YN0009: │ │ PASS src/index.spec.ts
➤ YN0009: ➤ YN0009: │ │   ✓ phrase matches expected (1 ms)
➤ YN0009: ➤ YN0009: │ │ Test Suites: 1 passed, 1 total
➤ YN0009: ➤ YN0009: │ │ Tests:       1 passed, 1 total
➤ YN0009: ➤ YN0009: │ │ Snapshots:   0 total
➤ YN0009: ➤ YN0009: │ │ Time:        0.913 s, estimated 1 s
➤ YN0009: ➤ YN0009: │ │ Ran all test suites.
➤ YN0009: ➤ YN0009: │ └ Errors packages/examples/phrases/lorem-ipsum
➤ YN0009: ➤ YN0009: │ ┌ Errors packages/examples/lorem-ipsum
➤ YN0009: ➤ YN0009: │ │ PASS src/index.spec.ts
➤ YN0009: ➤ YN0009: │ │   ✓ lipsum matches expected (1 ms)
➤ YN0009: ➤ YN0009: │ │ Test Suites: 1 passed, 1 total
➤ YN0009: ➤ YN0009: │ │ Tests:       1 passed, 1 total
➤ YN0009: ➤ YN0009: │ │ Snapshots:   0 total
➤ YN0009: ➤ YN0009: │ │ Time:        1.332 s
➤ YN0009: ➤ YN0009: │ │ Ran all test suites.
➤ YN0009: ➤ YN0009: │ └ Errors packages/examples/lorem-ipsum
➤ YN0009: ➤ YN0009: │ ┌ Errors for packages/plugins/plugin-build
➤ YN0009: ➤ YN0009: │ │ Usage Error: Couldn't find a script named "jest --watch".
➤ YN0009: ➤ YN0009: │ │ $ yarn run [--inspect] [--inspect-brk] <scriptName> ...
➤ YN0009: ➤ YN0009: │ └ End packages/plugins/plugin-build
➤ YN0009: ➤ YN0009: │ ┌ Errors packages/plugins/plugin-build
➤ YN0009: ➤ YN0009: │ │ undefined
➤ YN0009: ➤ YN0009: │ └ Errors packages/plugins/plugin-build
➤ YN0009: ➤ YN0000: ➤ Run [ test finished with 1 errors ]
➤ YN0000: [12:1/13]

➤ YN0009: packages/plugins/plugin-build PASS src/commands/supervisor/graph.spec.ts
  Simple dependency graph
    ✓ resolves the graph correctly (1 ms)
    ✓ can detect cyclic dependencies
    ✓ can find the optimal resolution path for a single target (141 ms)
    ✓ can find the optimal resolution path for multiple root nodes (208 ms)

Test Suites: 1 passed, 1 total
Tests:       4 passed, 4 total
Snapshots:   0 total
Time:        1.503 s
Ran all test suites.

➤ YN0009: ➤ YN0000: ➤ Run [ test finished ]
➤ YN0000: [1:0/1]

➤ YN0009: packages/plugins/plugin-build PASS src/commands/supervisor/graph.spec.ts
  Simple dependency graph
    ✓ resolves the graph correctly (1 ms)
    ✓ can detect cyclic dependencies (1 ms)
    ✓ can find the optimal resolution path for a single target (132 ms)
    ✓ can find the optimal resolution path for multiple root nodes (199 ms)

Test Suites: 1 passed, 1 total
Tests:       4 passed, 4 total
Snapshots:   0 total
Time:        0.706 s, estimated 2 s
Ran all test suites.

➤ YN0009: packages/examples/phrases/in-hac PASS src/index.spec.ts
  ✓ phrase matches expected (1 ms)

Test Suites: 1 passed, 1 total
Tests:       1 passed, 1 total
Snapshots:   0 total
Time:        0.849 s, estimated 1 s
Ran all test suites.

➤ YN0009: packages/examples/phrases/nullam-risus PASS src/index.spec.ts
  ✓ phrase matches expected (1 ms)

Test Suites: 1 passed, 1 total
Tests:       1 passed, 1 total
Snapshots:   0 total
Time:        0.85 s, estimated 1 s
Ran all test suites.

➤ YN0009: packages/examples/phrases/lorem-ipsum PASS src/index.spec.ts
  ✓ phrase matches expected (1 ms)

Test Suites: 1 passed, 1 total
Tests:       1 passed, 1 total
Snapshots:   0 total
Time:        0.784 s, estimated 1 s
Ran all test suites.

➤ YN0009: packages/examples/lorem-ipsum PASS src/index.spec.ts
  ✓ lipsum matches expected (1 ms)

Test Suites: 1 passed, 1 total
Tests:       1 passed, 1 total
Snapshots:   0 total
Time:        0.796 s, estimated 1 s
Ran all test suites.

➤ YN0009: ➤ YN0000: ➤ Run [ test finished ]
➤ YN0000: [13:0/13]

➤ YN0009: packages/plugins/plugin-build PASS src/commands/supervisor/graph.spec.ts
  Simple dependency graph
    ✓ resolves the graph correctly
    ✓ can detect cyclic dependencies (1 ms)
    ✓ can find the optimal resolution path for a single target (135 ms)
    ✓ can find the optimal resolution path for multiple root nodes (203 ms)

Test Suites: 1 passed, 1 total
Tests:       4 passed, 4 total
Snapshots:   0 total
Time:        0.99 s, estimated 1 s
Ran all test suites.

➤ YN0009: packages/examples/phrases/nullam-risus PASS src/index.spec.ts
  ✓ phrase matches expected (1 ms)

Test Suites: 1 passed, 1 total
Tests:       1 passed, 1 total
Snapshots:   0 total
Time:        1.146 s
Ran all test suites.

➤ YN0009: packages/examples/phrases/in-hac FAIL src/index.spec.ts
  ✕ phrase matches expected (3 ms)

  ● phrase matches expected

    expect(received).toBe(expected) // Object.is equality

    Expected: "In hac habitasse platea consectetur. Maecenas et blanfdit nisl elit."
    Received: "In hac habitasse platea consectetur. Maecenas et blandit nisl elit."

      2 | 
      3 | test("phrase matches expected", () => {
    > 4 |   expect(phrase).toBe(
        |                  ^
      5 |     "In hac habitasse platea consectetur. Maecenas et blanfdit nisl elit."
      6 |   );
      7 | });

      at Object.<anonymous> (src/index.spec.ts:4:18)

Test Suites: 1 failed, 1 total
Tests:       1 failed, 1 total
Snapshots:   0 total
Time:        1.26 s
Ran all test suites.

➤ YN0009: packages/examples/phrases/in-hac undefined
➤ YN0009: packages/examples/phrases/lorem-ipsum PASS src/index.spec.ts
  ✓ phrase matches expected (1 ms)

Test Suites: 1 passed, 1 total
Tests:       1 passed, 1 total
Snapshots:   0 total
Time:        0.801 s, estimated 1 s
Ran all test suites.

➤ YN0009: packages/examples/lorem-ipsum PASS src/index.spec.ts
  ✓ lipsum matches expected (1 ms)

Test Suites: 1 passed, 1 total
Tests:       1 passed, 1 total
Snapshots:   0 total
Time:        0.795 s, estimated 1 s
Ran all test suites.

➤ YN0009: ➤ YN0000: ┌ Run test for All
➤ YN0009: ➤ YN0009: │ ┌ Errors packages/examples/phrases/in-hac
➤ YN0009: ➤ YN0009: │ │ FAIL src/index.spec.ts
➤ YN0009: ➤ YN0009: │ │   ✕ phrase matches expected (3 ms)
➤ YN0009: ➤ YN0009: │ │   ● phrase matches expected
➤ YN0009: ➤ YN0009: │ │     expect(received).toBe(expected) // Object.is equality
➤ YN0009: ➤ YN0009: │ │     Expected: "In hac habitasse platea consectetur. Maecenas et blanfdit nisl elit."
➤ YN0009: ➤ YN0009: │ │     Received: "In hac habitasse platea consectetur. Maecenas et blandit nisl elit."
➤ YN0009: ➤ YN0009: │ │       2 | 
➤ YN0009: ➤ YN0009: │ │       3 | test("phrase matches expected", () => {
➤ YN0009: ➤ YN0009: │ │     > 4 |   expect(phrase).toBe(
➤ YN0009: ➤ YN0009: │ │         |                  ^
➤ YN0009: ➤ YN0009: │ │       5 |     "In hac habitasse platea consectetur. Maecenas et blanfdit nisl elit."
➤ YN0009: ➤ YN0009: │ │       6 |   );
➤ YN0009: ➤ YN0009: │ │       7 | });
➤ YN0009: ➤ YN0009: │ │       at Object.<anonymous> (src/index.spec.ts:4:18)
➤ YN0009: ➤ YN0009: │ │ Test Suites: 1 failed, 1 total
➤ YN0009: ➤ YN0009: │ │ Tests:       1 failed, 1 total
➤ YN0009: ➤ YN0009: │ │ Snapshots:   0 total
➤ YN0009: ➤ YN0009: │ │ Time:        1.26 s
➤ YN0009: ➤ YN0009: │ │ Ran all test suites.
➤ YN0009: ➤ YN0009: │ │ undefined
➤ YN0009: ➤ YN0009: │ └ Errors packages/examples/phrases/in-hac
➤ YN0009: ➤ YN0009: │ ┌ Errors packages/examples/phrases/nullam-risus
➤ YN0009: ➤ YN0009: │ │ PASS src/index.spec.ts
➤ YN0009: ➤ YN0009: │ │   ✓ phrase matches expected (1 ms)
➤ YN0009: ➤ YN0009: │ │ Test Suites: 1 passed, 1 total
➤ YN0009: ➤ YN0009: │ │ Tests:       1 passed, 1 total
➤ YN0009: ➤ YN0009: │ │ Snapshots:   0 total
➤ YN0009: ➤ YN0009: │ │ Time:        1.146 s
➤ YN0009: ➤ YN0009: │ │ Ran all test suites.
➤ YN0009: ➤ YN0009: │ └ Errors packages/examples/phrases/nullam-risus
➤ YN0009: ➤ YN0009: │ ┌ Errors packages/examples/phrases/lorem-ipsum
➤ YN0009: ➤ YN0009: │ │ PASS src/index.spec.ts
➤ YN0009: ➤ YN0009: │ │   ✓ phrase matches expected (1 ms)
➤ YN0009: ➤ YN0009: │ │ Test Suites: 1 passed, 1 total
➤ YN0009: ➤ YN0009: │ │ Tests:       1 passed, 1 total
➤ YN0009: ➤ YN0009: │ │ Snapshots:   0 total
➤ YN0009: ➤ YN0009: │ │ Time:        0.801 s, estimated 1 s
➤ YN0009: ➤ YN0009: │ │ Ran all test suites.
➤ YN0009: ➤ YN0009: │ └ Errors packages/examples/phrases/lorem-ipsum
➤ YN0009: ➤ YN0009: │ ┌ Errors packages/examples/lorem-ipsum
➤ YN0009: ➤ YN0009: │ │ PASS src/index.spec.ts
➤ YN0009: ➤ YN0009: │ │   ✓ lipsum matches expected (1 ms)
➤ YN0009: ➤ YN0009: │ │ Test Suites: 1 passed, 1 total
➤ YN0009: ➤ YN0009: │ │ Tests:       1 passed, 1 total
➤ YN0009: ➤ YN0009: │ │ Snapshots:   0 total
➤ YN0009: ➤ YN0009: │ │ Time:        0.795 s, estimated 1 s
➤ YN0009: ➤ YN0009: │ │ Ran all test suites.
➤ YN0009: ➤ YN0009: │ └ Errors packages/examples/lorem-ipsum
➤ YN0009: ➤ YN0009: │ ┌ Errors packages/plugins/plugin-build
➤ YN0009: ➤ YN0009: │ │ PASS src/commands/supervisor/graph.spec.ts
➤ YN0009: ➤ YN0009: │ │   Simple dependency graph
➤ YN0009: ➤ YN0009: │ │     ✓ resolves the graph correctly
➤ YN0009: ➤ YN0009: │ │     ✓ can detect cyclic dependencies (1 ms)
➤ YN0009: ➤ YN0009: │ │     ✓ can find the optimal resolution path for a single target (135 ms)
➤ YN0009: ➤ YN0009: │ │     ✓ can find the optimal resolution path for multiple root nodes (203 ms)
➤ YN0009: ➤ YN0009: │ │ Test Suites: 1 passed, 1 total
➤ YN0009: ➤ YN0009: │ │ Tests:       4 passed, 4 total
➤ YN0009: ➤ YN0009: │ │ Snapshots:   0 total
➤ YN0009: ➤ YN0009: │ │ Time:        0.99 s, estimated 1 s
➤ YN0009: ➤ YN0009: │ │ Ran all test suites.
➤ YN0009: ➤ YN0009: │ └ Errors packages/plugins/plugin-build
➤ YN0009: ➤ YN0000: ➤ Run [ test finished with 1 errors ]
➤ YN0000: [12:1/13]

➤ YN0009: packages/examples/phrases/nullam-risus PASS src/index.spec.ts
  ✓ phrase matches expected (1 ms)

Test Suites: 1 passed, 1 total
Tests:       1 passed, 1 total
Snapshots:   0 total
Time:        1.19 s
Ran all test suites.

➤ YN0009: packages/examples/phrases/in-hac FAIL src/index.spec.ts
  ✕ phrase matches expected (2 ms)

  ● phrase matches expected

    expect(received).toBe(expected) // Object.is equality

    Expected: "In hac habitasse platea consectetur. Maecenas et blanfdit nisl elit."
    Received: "In hac habitasse platea consectetur. Maecenas et blandit nisl elit."

      2 | 
      3 | test("phrase matches expected", () => {
    > 4 |   expect(phrase).toBe(
        |                  ^
      5 |     "In hac habitasse platea consectetur. Maecenas et blanfdit nisl elit."
      6 |   );
      7 | });

      at Object.<anonymous> (src/index.spec.ts:4:18)

Test Suites: 1 failed, 1 total
Tests:       1 failed, 1 total
Snapshots:   0 total
Time:        1.177 s
Ran all test suites.

➤ YN0009: packages/examples/phrases/in-hac undefined
➤ YN0009: packages/plugins/plugin-build PASS src/commands/supervisor/graph.spec.ts
  Simple dependency graph
    ✓ resolves the graph correctly (1 ms)
    ✓ can detect cyclic dependencies (1 ms)
    ✓ can find the optimal resolution path for a single target (135 ms)
    ✓ can find the optimal resolution path for multiple root nodes (208 ms)

Test Suites: 1 passed, 1 total
Tests:       4 passed, 4 total
Snapshots:   0 total
Time:        0.787 s, estimated 1 s
Ran all test suites.

➤ YN0009: packages/examples/phrases/lorem-ipsum PASS src/index.spec.ts
  ✓ phrase matches expected (1 ms)

Test Suites: 1 passed, 1 total
Tests:       1 passed, 1 total
Snapshots:   0 total
Time:        0.866 s, estimated 1 s
Ran all test suites.

➤ YN0009: packages/examples/lorem-ipsum PASS src/index.spec.ts
  ✓ lipsum matches expected

Test Suites: 1 passed, 1 total
Tests:       1 passed, 1 total
Snapshots:   0 total
Time:        0.922 s, estimated 1 s
Ran all test suites.

➤ YN0009: ➤ YN0000: ┌ Run test for All
➤ YN0009: ➤ YN0009: │ ┌ Errors packages/examples/phrases/in-hac
➤ YN0009: ➤ YN0009: │ │ FAIL src/index.spec.ts
➤ YN0009: ➤ YN0009: │ │   ✕ phrase matches expected (2 ms)
➤ YN0009: ➤ YN0009: │ │   ● phrase matches expected
➤ YN0009: ➤ YN0009: │ │     expect(received).toBe(expected) // Object.is equality
➤ YN0009: ➤ YN0009: │ │     Expected: "In hac habitasse platea consectetur. Maecenas et blanfdit nisl elit."
➤ YN0009: ➤ YN0009: │ │     Received: "In hac habitasse platea consectetur. Maecenas et blandit nisl elit."
➤ YN0009: ➤ YN0009: │ │       2 | 
➤ YN0009: ➤ YN0009: │ │       3 | test("phrase matches expected", () => {
➤ YN0009: ➤ YN0009: │ │     > 4 |   expect(phrase).toBe(
➤ YN0009: ➤ YN0009: │ │         |                  ^
➤ YN0009: ➤ YN0009: │ │       5 |     "In hac habitasse platea consectetur. Maecenas et blanfdit nisl elit."
➤ YN0009: ➤ YN0009: │ │       6 |   );
➤ YN0009: ➤ YN0009: │ │       7 | });
➤ YN0009: ➤ YN0009: │ │       at Object.<anonymous> (src/index.spec.ts:4:18)
➤ YN0009: ➤ YN0009: │ │ Test Suites: 1 failed, 1 total
➤ YN0009: ➤ YN0009: │ │ Tests:       1 failed, 1 total
➤ YN0009: ➤ YN0009: │ │ Snapshots:   0 total
➤ YN0009: ➤ YN0009: │ │ Time:        1.177 s
➤ YN0009: ➤ YN0009: │ │ Ran all test suites.
➤ YN0009: ➤ YN0009: │ │ undefined
➤ YN0009: ➤ YN0009: │ └ Errors packages/examples/phrases/in-hac
➤ YN0009: ➤ YN0009: │ ┌ Errors packages/examples/phrases/nullam-risus
➤ YN0009: ➤ YN0009: │ │ PASS src/index.spec.ts
➤ YN0009: ➤ YN0009: │ │   ✓ phrase matches expected (1 ms)
➤ YN0009: ➤ YN0009: │ │ Test Suites: 1 passed, 1 total
➤ YN0009: ➤ YN0009: │ │ Tests:       1 passed, 1 total
➤ YN0009: ➤ YN0009: │ │ Snapshots:   0 total
➤ YN0009: ➤ YN0009: │ │ Time:        1.19 s
➤ YN0009: ➤ YN0009: │ │ Ran all test suites.
➤ YN0009: ➤ YN0009: │ └ Errors packages/examples/phrases/nullam-risus
➤ YN0009: ➤ YN0009: │ ┌ Errors packages/examples/phrases/lorem-ipsum
➤ YN0009: ➤ YN0009: │ │ PASS src/index.spec.ts
➤ YN0009: ➤ YN0009: │ │   ✓ phrase matches expected (1 ms)
➤ YN0009: ➤ YN0009: │ │ Test Suites: 1 passed, 1 total
➤ YN0009: ➤ YN0009: │ │ Tests:       1 passed, 1 total
➤ YN0009: ➤ YN0009: │ │ Snapshots:   0 total
➤ YN0009: ➤ YN0009: │ │ Time:        0.866 s, estimated 1 s
➤ YN0009: ➤ YN0009: │ │ Ran all test suites.
➤ YN0009: ➤ YN0009: │ └ Errors packages/examples/phrases/lorem-ipsum
➤ YN0009: ➤ YN0009: │ ┌ Errors packages/examples/lorem-ipsum
➤ YN0009: ➤ YN0009: │ │ PASS src/index.spec.ts
➤ YN0009: ➤ YN0009: │ │   ✓ lipsum matches expected
➤ YN0009: ➤ YN0009: │ │ Test Suites: 1 passed, 1 total
➤ YN0009: ➤ YN0009: │ │ Tests:       1 passed, 1 total
➤ YN0009: ➤ YN0009: │ │ Snapshots:   0 total
➤ YN0009: ➤ YN0009: │ │ Time:        0.922 s, estimated 1 s
➤ YN0009: ➤ YN0009: │ │ Ran all test suites.
➤ YN0009: ➤ YN0009: │ └ Errors packages/examples/lorem-ipsum
➤ YN0009: ➤ YN0009: │ ┌ Errors packages/plugins/plugin-build
➤ YN0009: ➤ YN0009: │ │ PASS src/commands/supervisor/graph.spec.ts
➤ YN0009: ➤ YN0009: │ │   Simple dependency graph
➤ YN0009: ➤ YN0009: │ │     ✓ resolves the graph correctly (1 ms)
➤ YN0009: ➤ YN0009: │ │     ✓ can detect cyclic dependencies (1 ms)
➤ YN0009: ➤ YN0009: │ │     ✓ can find the optimal resolution path for a single target (135 ms)
➤ YN0009: ➤ YN0009: │ │     ✓ can find the optimal resolution path for multiple root nodes (208 ms)
➤ YN0009: ➤ YN0009: │ │ Test Suites: 1 passed, 1 total
➤ YN0009: ➤ YN0009: │ │ Tests:       4 passed, 4 total
➤ YN0009: ➤ YN0009: │ │ Snapshots:   0 total
➤ YN0009: ➤ YN0009: │ │ Time:        0.787 s, estimated 1 s
➤ YN0009: ➤ YN0009: │ │ Ran all test suites.
➤ YN0009: ➤ YN0009: │ └ Errors packages/plugins/plugin-build
➤ YN0009: ➤ YN0000: ➤ Run [ test finished with 1 errors ]
➤ YN0000: [12:1/13]

➤ YN0009: packages/examples/phrases/nullam-risus PASS src/index.spec.ts
  ✓ phrase matches expected (1 ms)

Test Suites: 1 passed, 1 total
Tests:       1 passed, 1 total
Snapshots:   0 total
Time:        1.11 s
Ran all test suites.

➤ YN0009: packages/plugins/plugin-build PASS src/commands/supervisor/graph.spec.ts
  Simple dependency graph
    ✓ resolves the graph correctly
    ✓ can detect cyclic dependencies (1 ms)
    ✓ can find the optimal resolution path for a single target (139 ms)
    ✓ can find the optimal resolution path for multiple root nodes (202 ms)

Test Suites: 1 passed, 1 total
Tests:       4 passed, 4 total
Snapshots:   0 total
Time:        0.737 s, estimated 1 s
Ran all test suites.

➤ YN0009: packages/examples/phrases/in-hac FAIL src/index.spec.ts
  ✕ phrase matches expected (2 ms)

  ● phrase matches expected

    expect(received).toBe(expected) // Object.is equality

    Expected: "In hac habitasse platea consectetur. Maecenas et blanfdit nisl elit."
    Received: "In hac habitasse platea consectetur. Maecenas et blandit nisl elit."

      2 | 
      3 | test("phrase matches expected", () => {
    > 4 |   expect(phrase).toBe(
        |                  ^
      5 |     "In hac habitasse platea consectetur. Maecenas et blanfdit nisl elit."
      6 |   );
      7 | });

      at Object.<anonymous> (src/index.spec.ts:4:18)

Test Suites: 1 failed, 1 total
Tests:       1 failed, 1 total
Snapshots:   0 total
Time:        1.131 s
Ran all test suites.

➤ YN0009: packages/examples/phrases/in-hac undefined
➤ YN0009: packages/examples/phrases/lorem-ipsum PASS src/index.spec.ts
  ✓ phrase matches expected (1 ms)

Test Suites: 1 passed, 1 total
Tests:       1 passed, 1 total
Snapshots:   0 total
Time:        0.79 s, estimated 1 s
Ran all test suites.

➤ YN0009: packages/examples/lorem-ipsum PASS src/index.spec.ts
  ✓ lipsum matches expected (1 ms)

Test Suites: 1 passed, 1 total
Tests:       1 passed, 1 total
Snapshots:   0 total
Time:        0.799 s, estimated 1 s
Ran all test suites.

➤ YN0009: ➤ YN0000: ┌ Run test for All
➤ YN0009: ➤ YN0009: │ ┌ Errors packages/examples/phrases/in-hac
➤ YN0009: ➤ YN0009: │ │ FAIL src/index.spec.ts
➤ YN0009: ➤ YN0009: │ │   ✕ phrase matches expected (2 ms)
➤ YN0009: ➤ YN0009: │ │   ● phrase matches expected
➤ YN0009: ➤ YN0009: │ │     expect(received).toBe(expected) // Object.is equality
➤ YN0009: ➤ YN0009: │ │     Expected: "In hac habitasse platea consectetur. Maecenas et blanfdit nisl elit."
➤ YN0009: ➤ YN0009: │ │     Received: "In hac habitasse platea consectetur. Maecenas et blandit nisl elit."
➤ YN0009: ➤ YN0009: │ │       2 | 
➤ YN0009: ➤ YN0009: │ │       3 | test("phrase matches expected", () => {
➤ YN0009: ➤ YN0009: │ │     > 4 |   expect(phrase).toBe(
➤ YN0009: ➤ YN0009: │ │         |                  ^
➤ YN0009: ➤ YN0009: │ │       5 |     "In hac habitasse platea consectetur. Maecenas et blanfdit nisl elit."
➤ YN0009: ➤ YN0009: │ │       6 |   );
➤ YN0009: ➤ YN0009: │ │       7 | });
➤ YN0009: ➤ YN0009: │ │       at Object.<anonymous> (src/index.spec.ts:4:18)
➤ YN0009: ➤ YN0009: │ │ Test Suites: 1 failed, 1 total
➤ YN0009: ➤ YN0009: │ │ Tests:       1 failed, 1 total
➤ YN0009: ➤ YN0009: │ │ Snapshots:   0 total
➤ YN0009: ➤ YN0009: │ │ Time:        1.131 s
➤ YN0009: ➤ YN0009: │ │ Ran all test suites.
➤ YN0009: ➤ YN0009: │ │ undefined
➤ YN0009: ➤ YN0009: │ └ Errors packages/examples/phrases/in-hac
➤ YN0009: ➤ YN0009: │ ┌ Errors packages/examples/phrases/nullam-risus
➤ YN0009: ➤ YN0009: │ │ PASS src/index.spec.ts
➤ YN0009: ➤ YN0009: │ │   ✓ phrase matches expected (1 ms)
➤ YN0009: ➤ YN0009: │ │ Test Suites: 1 passed, 1 total
➤ YN0009: ➤ YN0009: │ │ Tests:       1 passed, 1 total
➤ YN0009: ➤ YN0009: │ │ Snapshots:   0 total
➤ YN0009: ➤ YN0009: │ │ Time:        1.11 s
➤ YN0009: ➤ YN0009: │ │ Ran all test suites.
➤ YN0009: ➤ YN0009: │ └ Errors packages/examples/phrases/nullam-risus
➤ YN0009: ➤ YN0009: │ ┌ Errors packages/examples/phrases/lorem-ipsum
➤ YN0009: ➤ YN0009: │ │ PASS src/index.spec.ts
➤ YN0009: ➤ YN0009: │ │   ✓ phrase matches expected (1 ms)
➤ YN0009: ➤ YN0009: │ │ Test Suites: 1 passed, 1 total
➤ YN0009: ➤ YN0009: │ │ Tests:       1 passed, 1 total
➤ YN0009: ➤ YN0009: │ │ Snapshots:   0 total
➤ YN0009: ➤ YN0009: │ │ Time:        0.79 s, estimated 1 s
➤ YN0009: ➤ YN0009: │ │ Ran all test suites.
➤ YN0009: ➤ YN0009: │ └ Errors packages/examples/phrases/lorem-ipsum
➤ YN0009: ➤ YN0009: │ ┌ Errors packages/examples/lorem-ipsum
➤ YN0009: ➤ YN0009: │ │ PASS src/index.spec.ts
➤ YN0009: ➤ YN0009: │ │   ✓ lipsum matches expected (1 ms)
➤ YN0009: ➤ YN0009: │ │ Test Suites: 1 passed, 1 total
➤ YN0009: ➤ YN0009: │ │ Tests:       1 passed, 1 total
➤ YN0009: ➤ YN0009: │ │ Snapshots:   0 total
➤ YN0009: ➤ YN0009: │ │ Time:        0.799 s, estimated 1 s
➤ YN0009: ➤ YN0009: │ │ Ran all test suites.
➤ YN0009: ➤ YN0009: │ └ Errors packages/examples/lorem-ipsum
➤ YN0009: ➤ YN0009: │ ┌ Errors packages/plugins/plugin-build
➤ YN0009: ➤ YN0009: │ │ PASS src/commands/supervisor/graph.spec.ts
➤ YN0009: ➤ YN0009: │ │   Simple dependency graph
➤ YN0009: ➤ YN0009: │ │     ✓ resolves the graph correctly
➤ YN0009: ➤ YN0009: │ │     ✓ can detect cyclic dependencies (1 ms)
➤ YN0009: ➤ YN0009: │ │     ✓ can find the optimal resolution path for a single target (139 ms)
➤ YN0009: ➤ YN0009: │ │     ✓ can find the optimal resolution path for multiple root nodes (202 ms)
➤ YN0009: ➤ YN0009: │ │ Test Suites: 1 passed, 1 total
➤ YN0009: ➤ YN0009: │ │ Tests:       4 passed, 4 total
➤ YN0009: ➤ YN0009: │ │ Snapshots:   0 total
➤ YN0009: ➤ YN0009: │ │ Time:        0.737 s, estimated 1 s
➤ YN0009: ➤ YN0009: │ │ Ran all test suites.
➤ YN0009: ➤ YN0009: │ └ Errors packages/plugins/plugin-build
➤ YN0009: ➤ YN0000: ➤ Run [ test finished with 1 errors ]
➤ YN0000: [12:1/13]

➤ YN0009: packages/examples/phrases/nullam-risus PASS src/index.spec.ts
  ✓ phrase matches expected

Test Suites: 1 passed, 1 total
Tests:       1 passed, 1 total
Snapshots:   0 total
Time:        1.114 s
Ran all test suites.

➤ YN0009: packages/examples/phrases/in-hac FAIL src/index.spec.ts
  ✕ phrase matches expected (2 ms)

  ● phrase matches expected

    expect(received).toBe(expected) // Object.is equality

    Expected: "In hac habitasse platea consectetur. Maecenas et blanfdit nisl elit."
    Received: "In hac habitasse platea consectetur. Maecenas et blandit nisl elit."

      2 | 
      3 | test("phrase matches expected", () => {
    > 4 |   expect(phrase).toBe(
        |                  ^
      5 |     "In hac habitasse platea consectetur. Maecenas et blanfdit nisl elit."
      6 |   );
      7 | });

      at Object.<anonymous> (src/index.spec.ts:4:18)

Test Suites: 1 failed, 1 total
Tests:       1 failed, 1 total
Snapshots:   0 total
Time:        1.108 s
Ran all test suites.

➤ YN0009: packages/examples/phrases/in-hac undefined
➤ YN0009: packages/plugins/plugin-build PASS src/commands/supervisor/graph.spec.ts
  Simple dependency graph
    ✓ resolves the graph correctly (1 ms)
    ✓ can detect cyclic dependencies (1 ms)
    ✓ can find the optimal resolution path for a single target (137 ms)
    ✓ can find the optimal resolution path for multiple root nodes (202 ms)

Test Suites: 1 passed, 1 total
Tests:       4 passed, 4 total
Snapshots:   0 total
Time:        0.729 s, estimated 1 s
Ran all test suites.

➤ YN0009: packages/examples/phrases/lorem-ipsum PASS src/index.spec.ts
  ✓ phrase matches expected (1 ms)

Test Suites: 1 passed, 1 total
Tests:       1 passed, 1 total
Snapshots:   0 total
Time:        0.788 s, estimated 1 s
Ran all test suites.

➤ YN0009: packages/examples/lorem-ipsum PASS src/index.spec.ts
  ✓ lipsum matches expected (1 ms)

Test Suites: 1 passed, 1 total
Tests:       1 passed, 1 total
Snapshots:   0 total
Time:        0.799 s, estimated 1 s
Ran all test suites.

➤ YN0009: ➤ YN0000: ┌ Run test for All
➤ YN0009: ➤ YN0009: │ ┌ Errors packages/examples/phrases/in-hac
➤ YN0009: ➤ YN0009: │ │ FAIL src/index.spec.ts
➤ YN0009: ➤ YN0009: │ │   ✕ phrase matches expected (2 ms)
➤ YN0009: ➤ YN0009: │ │   ● phrase matches expected
➤ YN0009: ➤ YN0009: │ │     expect(received).toBe(expected) // Object.is equality
➤ YN0009: ➤ YN0009: │ │     Expected: "In hac habitasse platea consectetur. Maecenas et blanfdit nisl elit."
➤ YN0009: ➤ YN0009: │ │     Received: "In hac habitasse platea consectetur. Maecenas et blandit nisl elit."
➤ YN0009: ➤ YN0009: │ │       2 | 
➤ YN0009: ➤ YN0009: │ │       3 | test("phrase matches expected", () => {
➤ YN0009: ➤ YN0009: │ │     > 4 |   expect(phrase).toBe(
➤ YN0009: ➤ YN0009: │ │         |                  ^
➤ YN0009: ➤ YN0009: │ │       5 |     "In hac habitasse platea consectetur. Maecenas et blanfdit nisl elit."
➤ YN0009: ➤ YN0009: │ │       6 |   );
➤ YN0009: ➤ YN0009: │ │       7 | });
➤ YN0009: ➤ YN0009: │ │       at Object.<anonymous> (src/index.spec.ts:4:18)
➤ YN0009: ➤ YN0009: │ │ Test Suites: 1 failed, 1 total
➤ YN0009: ➤ YN0009: │ │ Tests:       1 failed, 1 total
➤ YN0009: ➤ YN0009: │ │ Snapshots:   0 total
➤ YN0009: ➤ YN0009: │ │ Time:        1.108 s
➤ YN0009: ➤ YN0009: │ │ Ran all test suites.
➤ YN0009: ➤ YN0009: │ │ undefined
➤ YN0009: ➤ YN0009: │ └ Errors packages/examples/phrases/in-hac
➤ YN0009: ➤ YN0009: │ ┌ Errors packages/examples/phrases/nullam-risus
➤ YN0009: ➤ YN0009: │ │ PASS src/index.spec.ts
➤ YN0009: ➤ YN0009: │ │   ✓ phrase matches expected
➤ YN0009: ➤ YN0009: │ │ Test Suites: 1 passed, 1 total
➤ YN0009: ➤ YN0009: │ │ Tests:       1 passed, 1 total
➤ YN0009: ➤ YN0009: │ │ Snapshots:   0 total
➤ YN0009: ➤ YN0009: │ │ Time:        1.114 s
➤ YN0009: ➤ YN0009: │ │ Ran all test suites.
➤ YN0009: ➤ YN0009: │ └ Errors packages/examples/phrases/nullam-risus
➤ YN0009: ➤ YN0009: │ ┌ Errors packages/examples/phrases/lorem-ipsum
➤ YN0009: ➤ YN0009: │ │ PASS src/index.spec.ts
➤ YN0009: ➤ YN0009: │ │   ✓ phrase matches expected (1 ms)
➤ YN0009: ➤ YN0009: │ │ Test Suites: 1 passed, 1 total
➤ YN0009: ➤ YN0009: │ │ Tests:       1 passed, 1 total
➤ YN0009: ➤ YN0009: │ │ Snapshots:   0 total
➤ YN0009: ➤ YN0009: │ │ Time:        0.788 s, estimated 1 s
➤ YN0009: ➤ YN0009: │ │ Ran all test suites.
➤ YN0009: ➤ YN0009: │ └ Errors packages/examples/phrases/lorem-ipsum
➤ YN0009: ➤ YN0009: │ ┌ Errors packages/examples/lorem-ipsum
➤ YN0009: ➤ YN0009: │ │ PASS src/index.spec.ts
➤ YN0009: ➤ YN0009: │ │   ✓ lipsum matches expected (1 ms)
➤ YN0009: ➤ YN0009: │ │ Test Suites: 1 passed, 1 total
➤ YN0009: ➤ YN0009: │ │ Tests:       1 passed, 1 total
➤ YN0009: ➤ YN0009: │ │ Snapshots:   0 total
➤ YN0009: ➤ YN0009: │ │ Time:        0.799 s, estimated 1 s
➤ YN0009: ➤ YN0009: │ │ Ran all test suites.
➤ YN0009: ➤ YN0009: │ └ Errors packages/examples/lorem-ipsum
➤ YN0009: ➤ YN0009: │ ┌ Errors packages/plugins/plugin-build
➤ YN0009: ➤ YN0009: │ │ PASS src/commands/supervisor/graph.spec.ts
➤ YN0009: ➤ YN0009: │ │   Simple dependency graph
➤ YN0009: ➤ YN0009: │ │     ✓ resolves the graph correctly (1 ms)
➤ YN0009: ➤ YN0009: │ │     ✓ can detect cyclic dependencies (1 ms)
➤ YN0009: ➤ YN0009: │ │     ✓ can find the optimal resolution path for a single target (137 ms)
➤ YN0009: ➤ YN0009: │ │     ✓ can find the optimal resolution path for multiple root nodes (202 ms)
➤ YN0009: ➤ YN0009: │ │ Test Suites: 1 passed, 1 total
➤ YN0009: ➤ YN0009: │ │ Tests:       4 passed, 4 total
➤ YN0009: ➤ YN0009: │ │ Snapshots:   0 total
➤ YN0009: ➤ YN0009: │ │ Time:        0.729 s, estimated 1 s
➤ YN0009: ➤ YN0009: │ │ Ran all test suites.
➤ YN0009: ➤ YN0009: │ └ Errors packages/plugins/plugin-build
➤ YN0009: ➤ YN0000: ➤ Run [ test finished with 1 errors ]
➤ YN0000: [12:1/13]

➤ YN0009: packages/plugins/plugin-build PASS src/commands/supervisor/graph.spec.ts
  Simple dependency graph
    ✓ resolves the graph correctly
    ✓ can detect cyclic dependencies (1 ms)
    ✓ can find the optimal resolution path for a single target (136 ms)
    ✓ can find the optimal resolution path for multiple root nodes (199 ms)

Test Suites: 1 passed, 1 total
Tests:       4 passed, 4 total
Snapshots:   0 total
Time:        0.728 s, estimated 1 s
Ran all test suites.

➤ YN0009: packages/examples/phrases/nullam-risus PASS src/index.spec.ts
  ✓ phrase matches expected (1 ms)

Test Suites: 1 passed, 1 total
Tests:       1 passed, 1 total
Snapshots:   0 total
Time:        0.864 s, estimated 1 s
Ran all test suites.

➤ YN0009: packages/examples/phrases/in-hac FAIL src/index.spec.ts
  ✕ phrase matches expected (3 ms)

  ● phrase matches expected

    expect(received).toBe(expected) // Object.is equality

    Expected: "In hac habitasse platea consectetur. Maecenas et blanfdit nisl elit."
    Received: "In hac habitasse platea consectetur. Maecenas et blandit nisl elit."

      2 | 
      3 | test("phrase matches expected", () => {
    > 4 |   expect(phrase).toBe(
        |                  ^
      5 |     "In hac habitasse platea consectetur. Maecenas et blanfdit nisl elit."
      6 |   );
      7 | });

      at Object.<anonymous> (src/index.spec.ts:4:18)

Test Suites: 1 failed, 1 total
Tests:       1 failed, 1 total
Snapshots:   0 total
Time:        0.878 s, estimated 1 s
Ran all test suites.

➤ YN0009: packages/examples/phrases/in-hac undefined
➤ YN0009: packages/examples/phrases/lorem-ipsum PASS src/index.spec.ts
  ✓ phrase matches expected (1 ms)

Test Suites: 1 passed, 1 total
Tests:       1 passed, 1 total
Snapshots:   0 total
Time:        0.798 s, estimated 1 s
Ran all test suites.

➤ YN0009: packages/examples/lorem-ipsum PASS src/index.spec.ts
  ✓ lipsum matches expected (1 ms)

Test Suites: 1 passed, 1 total
Tests:       1 passed, 1 total
Snapshots:   0 total
Time:        0.798 s, estimated 1 s
Ran all test suites.

➤ YN0009: ➤ YN0000: ┌ Run test for All
➤ YN0009: ➤ YN0009: │ ┌ Errors packages/examples/phrases/in-hac
➤ YN0009: ➤ YN0009: │ │ FAIL src/index.spec.ts
➤ YN0009: ➤ YN0009: │ │   ✕ phrase matches expected (3 ms)
➤ YN0009: ➤ YN0009: │ │   ● phrase matches expected
➤ YN0009: ➤ YN0009: │ │     expect(received).toBe(expected) // Object.is equality
➤ YN0009: ➤ YN0009: │ │     Expected: "In hac habitasse platea consectetur. Maecenas et blanfdit nisl elit."
➤ YN0009: ➤ YN0009: │ │     Received: "In hac habitasse platea consectetur. Maecenas et blandit nisl elit."
➤ YN0009: ➤ YN0009: │ │       2 | 
➤ YN0009: ➤ YN0009: │ │       3 | test("phrase matches expected", () => {
➤ YN0009: ➤ YN0009: │ │     > 4 |   expect(phrase).toBe(
➤ YN0009: ➤ YN0009: │ │         |                  ^
➤ YN0009: ➤ YN0009: │ │       5 |     "In hac habitasse platea consectetur. Maecenas et blanfdit nisl elit."
➤ YN0009: ➤ YN0009: │ │       6 |   );
➤ YN0009: ➤ YN0009: │ │       7 | });
➤ YN0009: ➤ YN0009: │ │       at Object.<anonymous> (src/index.spec.ts:4:18)
➤ YN0009: ➤ YN0009: │ │ Test Suites: 1 failed, 1 total
➤ YN0009: ➤ YN0009: │ │ Tests:       1 failed, 1 total
➤ YN0009: ➤ YN0009: │ │ Snapshots:   0 total
➤ YN0009: ➤ YN0009: │ │ Time:        0.878 s, estimated 1 s
➤ YN0009: ➤ YN0009: │ │ Ran all test suites.
➤ YN0009: ➤ YN0009: │ │ undefined
➤ YN0009: ➤ YN0009: │ └ Errors packages/examples/phrases/in-hac
➤ YN0009: ➤ YN0009: │ ┌ Errors packages/examples/phrases/nullam-risus
➤ YN0009: ➤ YN0009: │ │ PASS src/index.spec.ts
➤ YN0009: ➤ YN0009: │ │   ✓ phrase matches expected (1 ms)
➤ YN0009: ➤ YN0009: │ │ Test Suites: 1 passed, 1 total
➤ YN0009: ➤ YN0009: │ │ Tests:       1 passed, 1 total
➤ YN0009: ➤ YN0009: │ │ Snapshots:   0 total
➤ YN0009: ➤ YN0009: │ │ Time:        0.864 s, estimated 1 s
➤ YN0009: ➤ YN0009: │ │ Ran all test suites.
➤ YN0009: ➤ YN0009: │ └ Errors packages/examples/phrases/nullam-risus
➤ YN0009: ➤ YN0009: │ ┌ Errors packages/examples/phrases/lorem-ipsum
➤ YN0009: ➤ YN0009: │ │ PASS src/index.spec.ts
➤ YN0009: ➤ YN0009: │ │   ✓ phrase matches expected (1 ms)
➤ YN0009: ➤ YN0009: │ │ Test Suites: 1 passed, 1 total
➤ YN0009: ➤ YN0009: │ │ Tests:       1 passed, 1 total
➤ YN0009: ➤ YN0009: │ │ Snapshots:   0 total
➤ YN0009: ➤ YN0009: │ │ Time:        0.798 s, estimated 1 s
➤ YN0009: ➤ YN0009: │ │ Ran all test suites.
➤ YN0009: ➤ YN0009: │ └ Errors packages/examples/phrases/lorem-ipsum
➤ YN0009: ➤ YN0009: │ ┌ Errors packages/examples/lorem-ipsum
➤ YN0009: ➤ YN0009: │ │ PASS src/index.spec.ts
➤ YN0009: ➤ YN0009: │ │   ✓ lipsum matches expected (1 ms)
➤ YN0009: ➤ YN0009: │ │ Test Suites: 1 passed, 1 total
➤ YN0009: ➤ YN0009: │ │ Tests:       1 passed, 1 total
➤ YN0009: ➤ YN0009: │ │ Snapshots:   0 total
➤ YN0009: ➤ YN0009: │ │ Time:        0.798 s, estimated 1 s
➤ YN0009: ➤ YN0009: │ │ Ran all test suites.
➤ YN0009: ➤ YN0009: │ └ Errors packages/examples/lorem-ipsum
➤ YN0009: ➤ YN0009: │ ┌ Errors packages/plugins/plugin-build
➤ YN0009: ➤ YN0009: │ │ PASS src/commands/supervisor/graph.spec.ts
➤ YN0009: ➤ YN0009: │ │   Simple dependency graph
➤ YN0009: ➤ YN0009: │ │     ✓ resolves the graph correctly
➤ YN0009: ➤ YN0009: │ │     ✓ can detect cyclic dependencies (1 ms)
➤ YN0009: ➤ YN0009: │ │     ✓ can find the optimal resolution path for a single target (136 ms)
➤ YN0009: ➤ YN0009: │ │     ✓ can find the optimal resolution path for multiple root nodes (199 ms)
➤ YN0009: ➤ YN0009: │ │ Test Suites: 1 passed, 1 total
➤ YN0009: ➤ YN0009: │ │ Tests:       4 passed, 4 total
➤ YN0009: ➤ YN0009: │ │ Snapshots:   0 total
➤ YN0009: ➤ YN0009: │ │ Time:        0.728 s, estimated 1 s
➤ YN0009: ➤ YN0009: │ │ Ran all test suites.
➤ YN0009: ➤ YN0009: │ └ Errors packages/plugins/plugin-build
➤ YN0009: ➤ YN0000: ➤ Run [ test finished with 1 errors ]
➤ YN0000: [12:1/13]

➤ YN0009: ➤ YN0000: ➤ Run [ build finished ]
➤ YN0000: [13:0/13]

➤ YN0009: ➤ YN0000: ➤ Run [ build finished ]
➤ YN0000: [13:0/13]

➤ YN0009: packages/plugins/plugin-build PASS src/commands/supervisor/graph.spec.ts
  Simple dependency graph
    ✓ resolves the graph correctly (1 ms)
    ✓ can detect cyclic dependencies (1 ms)
    ✓ can find the optimal resolution path for a single target (140 ms)
    ✓ can find the optimal resolution path for multiple root nodes (206 ms)

Test Suites: 1 passed, 1 total
Tests:       4 passed, 4 total
Snapshots:   0 total
Time:        0.881 s, estimated 1 s
Ran all test suites.

➤ YN0009: packages/examples/phrases/in-hac FAIL src/index.spec.ts
  ✕ phrase matches expected (3 ms)

  ● phrase matches expected

    expect(received).toBe(expected) // Object.is equality

    Expected: "In hac habitasse platea consectetur. Maecenas et blanfdit nisl elit."
    Received: "In hac habitasse platea consectetur. Maecenas et blandit nisl elit."

      2 | 
      3 | test("phrase matches expected", () => {
    > 4 |   expect(phrase).toBe(
        |                  ^
      5 |     "In hac habitasse platea consectetur. Maecenas et blanfdit nisl elit."
      6 |   );
      7 | });

      at Object.<anonymous> (src/index.spec.ts:4:18)

Test Suites: 1 failed, 1 total
Tests:       1 failed, 1 total
Snapshots:   0 total
Time:        1.169 s
Ran all test suites.

➤ YN0009: packages/examples/phrases/in-hac undefined
➤ YN0009: packages/examples/phrases/nullam-risus PASS src/index.spec.ts
  ✓ phrase matches expected

Test Suites: 1 passed, 1 total
Tests:       1 passed, 1 total
Snapshots:   0 total
Time:        1.073 s
Ran all test suites.

➤ YN0009: packages/examples/phrases/lorem-ipsum PASS src/index.spec.ts
  ✓ phrase matches expected (1 ms)

Test Suites: 1 passed, 1 total
Tests:       1 passed, 1 total
Snapshots:   0 total
Time:        0.836 s, estimated 1 s
Ran all test suites.

➤ YN0009: packages/examples/lorem-ipsum PASS src/index.spec.ts
  ✓ lipsum matches expected (1 ms)

Test Suites: 1 passed, 1 total
Tests:       1 passed, 1 total
Snapshots:   0 total
Time:        0.791 s, estimated 1 s
Ran all test suites.

➤ YN0009: ➤ YN0000: ┌ Run test for All
➤ YN0009: ➤ YN0009: │ ┌ Errors packages/examples/phrases/in-hac
➤ YN0009: ➤ YN0009: │ │ FAIL src/index.spec.ts
➤ YN0009: ➤ YN0009: │ │   ✕ phrase matches expected (3 ms)
➤ YN0009: ➤ YN0009: │ │   ● phrase matches expected
➤ YN0009: ➤ YN0009: │ │     expect(received).toBe(expected) // Object.is equality
➤ YN0009: ➤ YN0009: │ │     Expected: "In hac habitasse platea consectetur. Maecenas et blanfdit nisl elit."
➤ YN0009: ➤ YN0009: │ │     Received: "In hac habitasse platea consectetur. Maecenas et blandit nisl elit."
➤ YN0009: ➤ YN0009: │ │       2 | 
➤ YN0009: ➤ YN0009: │ │       3 | test("phrase matches expected", () => {
➤ YN0009: ➤ YN0009: │ │     > 4 |   expect(phrase).toBe(
➤ YN0009: ➤ YN0009: │ │         |                  ^
➤ YN0009: ➤ YN0009: │ │       5 |     "In hac habitasse platea consectetur. Maecenas et blanfdit nisl elit."
➤ YN0009: ➤ YN0009: │ │       6 |   );
➤ YN0009: ➤ YN0009: │ │       7 | });
➤ YN0009: ➤ YN0009: │ │       at Object.<anonymous> (src/index.spec.ts:4:18)
➤ YN0009: ➤ YN0009: │ │ Test Suites: 1 failed, 1 total
➤ YN0009: ➤ YN0009: │ │ Tests:       1 failed, 1 total
➤ YN0009: ➤ YN0009: │ │ Snapshots:   0 total
➤ YN0009: ➤ YN0009: │ │ Time:        1.169 s
➤ YN0009: ➤ YN0009: │ │ Ran all test suites.
➤ YN0009: ➤ YN0009: │ │ undefined
➤ YN0009: ➤ YN0009: │ └ Errors packages/examples/phrases/in-hac
➤ YN0009: ➤ YN0009: │ ┌ Errors packages/examples/phrases/nullam-risus
➤ YN0009: ➤ YN0009: │ │ PASS src/index.spec.ts
➤ YN0009: ➤ YN0009: │ │   ✓ phrase matches expected
➤ YN0009: ➤ YN0009: │ │ Test Suites: 1 passed, 1 total
➤ YN0009: ➤ YN0009: │ │ Tests:       1 passed, 1 total
➤ YN0009: ➤ YN0009: │ │ Snapshots:   0 total
➤ YN0009: ➤ YN0009: │ │ Time:        1.073 s
➤ YN0009: ➤ YN0009: │ │ Ran all test suites.
➤ YN0009: ➤ YN0009: │ └ Errors packages/examples/phrases/nullam-risus
➤ YN0009: ➤ YN0009: │ ┌ Errors packages/examples/phrases/lorem-ipsum
➤ YN0009: ➤ YN0009: │ │ PASS src/index.spec.ts
➤ YN0009: ➤ YN0009: │ │   ✓ phrase matches expected (1 ms)
➤ YN0009: ➤ YN0009: │ │ Test Suites: 1 passed, 1 total
➤ YN0009: ➤ YN0009: │ │ Tests:       1 passed, 1 total
➤ YN0009: ➤ YN0009: │ │ Snapshots:   0 total
➤ YN0009: ➤ YN0009: │ │ Time:        0.836 s, estimated 1 s
➤ YN0009: ➤ YN0009: │ │ Ran all test suites.
➤ YN0009: ➤ YN0009: │ └ Errors packages/examples/phrases/lorem-ipsum
➤ YN0009: ➤ YN0009: │ ┌ Errors packages/examples/lorem-ipsum
➤ YN0009: ➤ YN0009: │ │ PASS src/index.spec.ts
➤ YN0009: ➤ YN0009: │ │   ✓ lipsum matches expected (1 ms)
➤ YN0009: ➤ YN0009: │ │ Test Suites: 1 passed, 1 total
➤ YN0009: ➤ YN0009: │ │ Tests:       1 passed, 1 total
➤ YN0009: ➤ YN0009: │ │ Snapshots:   0 total
➤ YN0009: ➤ YN0009: │ │ Time:        0.791 s, estimated 1 s
➤ YN0009: ➤ YN0009: │ │ Ran all test suites.
➤ YN0009: ➤ YN0009: │ └ Errors packages/examples/lorem-ipsum
➤ YN0009: ➤ YN0009: │ ┌ Errors packages/plugins/plugin-build
➤ YN0009: ➤ YN0009: │ │ PASS src/commands/supervisor/graph.spec.ts
➤ YN0009: ➤ YN0009: │ │   Simple dependency graph
➤ YN0009: ➤ YN0009: │ │     ✓ resolves the graph correctly (1 ms)
➤ YN0009: ➤ YN0009: │ │     ✓ can detect cyclic dependencies (1 ms)
➤ YN0009: ➤ YN0009: │ │     ✓ can find the optimal resolution path for a single target (140 ms)
➤ YN0009: ➤ YN0009: │ │     ✓ can find the optimal resolution path for multiple root nodes (206 ms)
➤ YN0009: ➤ YN0009: │ │ Test Suites: 1 passed, 1 total
➤ YN0009: ➤ YN0009: │ │ Tests:       4 passed, 4 total
➤ YN0009: ➤ YN0009: │ │ Snapshots:   0 total
➤ YN0009: ➤ YN0009: │ │ Time:        0.881 s, estimated 1 s
➤ YN0009: ➤ YN0009: │ │ Ran all test suites.
➤ YN0009: ➤ YN0009: │ └ Errors packages/plugins/plugin-build
➤ YN0009: ➤ YN0000: ➤ Run [ test finished with 1 errors ]
➤ YN0000: [12:1/13]

➤ YN0009: packages/examples/phrases/in-hac FAIL src/index.spec.ts
  ✕ phrase matches expected (3 ms)

  ● phrase matches expected

    expect(received).toBe(expected) // Object.is equality

    Expected: "In hac habitasse platea consectetur. Maecenas et blanfdit nisl elit."
    Received: "In hac habitasse platea consectetur. Maecenas et blandit nisl elit."

      2 | 
      3 | test("phrase matches expected", () => {
    > 4 |   expect(phrase).toBe(
        |                  ^
      5 |     "In hac habitasse platea consectetur. Maecenas et blanfdit nisl elit."
      6 |   );
      7 | });

      at Object.<anonymous> (src/index.spec.ts:4:18)

Test Suites: 1 failed, 1 total
Tests:       1 failed, 1 total
Snapshots:   0 total
Time:        1.104 s
Ran all test suites.

➤ YN0009: packages/examples/phrases/in-hac undefined
➤ YN0009: packages/examples/phrases/nullam-risus PASS src/index.spec.ts
  ✓ phrase matches expected

Test Suites: 1 passed, 1 total
Tests:       1 passed, 1 total
Snapshots:   0 total
Time:        1.133 s
Ran all test suites.

➤ YN0009: packages/plugins/plugin-build PASS src/commands/supervisor/graph.spec.ts
  Simple dependency graph
    ✓ resolves the graph correctly (1 ms)
    ✓ can detect cyclic dependencies (1 ms)
    ✓ can find the optimal resolution path for a single target (135 ms)
    ✓ can find the optimal resolution path for multiple root nodes (206 ms)

Test Suites: 1 passed, 1 total
Tests:       4 passed, 4 total
Snapshots:   0 total
Time:        0.715 s, estimated 1 s
Ran all test suites.

➤ YN0009: packages/examples/phrases/lorem-ipsum PASS src/index.spec.ts
  ✓ phrase matches expected (1 ms)

Test Suites: 1 passed, 1 total
Tests:       1 passed, 1 total
Snapshots:   0 total
Time:        0.791 s, estimated 1 s
Ran all test suites.

➤ YN0009: packages/examples/lorem-ipsum PASS src/index.spec.ts
  ✓ lipsum matches expected (1 ms)

Test Suites: 1 passed, 1 total
Tests:       1 passed, 1 total
Snapshots:   0 total
Time:        0.793 s, estimated 1 s
Ran all test suites.

➤ YN0009: ➤ YN0000: ┌ Run test for All
➤ YN0009: ➤ YN0009: │ ┌ Errors packages/examples/phrases/in-hac
➤ YN0009: ➤ YN0009: │ │ FAIL src/index.spec.ts
➤ YN0009: ➤ YN0009: │ │   ✕ phrase matches expected (3 ms)
➤ YN0009: ➤ YN0009: │ │   ● phrase matches expected
➤ YN0009: ➤ YN0009: │ │     expect(received).toBe(expected) // Object.is equality
➤ YN0009: ➤ YN0009: │ │     Expected: "In hac habitasse platea consectetur. Maecenas et blanfdit nisl elit."
➤ YN0009: ➤ YN0009: │ │     Received: "In hac habitasse platea consectetur. Maecenas et blandit nisl elit."
➤ YN0009: ➤ YN0009: │ │       2 | 
➤ YN0009: ➤ YN0009: │ │       3 | test("phrase matches expected", () => {
➤ YN0009: ➤ YN0009: │ │     > 4 |   expect(phrase).toBe(
➤ YN0009: ➤ YN0009: │ │         |                  ^
➤ YN0009: ➤ YN0009: │ │       5 |     "In hac habitasse platea consectetur. Maecenas et blanfdit nisl elit."
➤ YN0009: ➤ YN0009: │ │       6 |   );
➤ YN0009: ➤ YN0009: │ │       7 | });
➤ YN0009: ➤ YN0009: │ │       at Object.<anonymous> (src/index.spec.ts:4:18)
➤ YN0009: ➤ YN0009: │ │ Test Suites: 1 failed, 1 total
➤ YN0009: ➤ YN0009: │ │ Tests:       1 failed, 1 total
➤ YN0009: ➤ YN0009: │ │ Snapshots:   0 total
➤ YN0009: ➤ YN0009: │ │ Time:        1.104 s
➤ YN0009: ➤ YN0009: │ │ Ran all test suites.
➤ YN0009: ➤ YN0009: │ │ undefined
➤ YN0009: ➤ YN0009: │ └ Errors packages/examples/phrases/in-hac
➤ YN0009: ➤ YN0009: │ ┌ Errors packages/examples/phrases/nullam-risus
➤ YN0009: ➤ YN0009: │ │ PASS src/index.spec.ts
➤ YN0009: ➤ YN0009: │ │   ✓ phrase matches expected
➤ YN0009: ➤ YN0009: │ │ Test Suites: 1 passed, 1 total
➤ YN0009: ➤ YN0009: │ │ Tests:       1 passed, 1 total
➤ YN0009: ➤ YN0009: │ │ Snapshots:   0 total
➤ YN0009: ➤ YN0009: │ │ Time:        1.133 s
➤ YN0009: ➤ YN0009: │ │ Ran all test suites.
➤ YN0009: ➤ YN0009: │ └ Errors packages/examples/phrases/nullam-risus
➤ YN0009: ➤ YN0009: │ ┌ Errors packages/examples/phrases/lorem-ipsum
➤ YN0009: ➤ YN0009: │ │ PASS src/index.spec.ts
➤ YN0009: ➤ YN0009: │ │   ✓ phrase matches expected (1 ms)
➤ YN0009: ➤ YN0009: │ │ Test Suites: 1 passed, 1 total
➤ YN0009: ➤ YN0009: │ │ Tests:       1 passed, 1 total
➤ YN0009: ➤ YN0009: │ │ Snapshots:   0 total
➤ YN0009: ➤ YN0009: │ │ Time:        0.791 s, estimated 1 s
➤ YN0009: ➤ YN0009: │ │ Ran all test suites.
➤ YN0009: ➤ YN0009: │ └ Errors packages/examples/phrases/lorem-ipsum
➤ YN0009: ➤ YN0009: │ ┌ Errors packages/examples/lorem-ipsum
➤ YN0009: ➤ YN0009: │ │ PASS src/index.spec.ts
➤ YN0009: ➤ YN0009: │ │   ✓ lipsum matches expected (1 ms)
➤ YN0009: ➤ YN0009: │ │ Test Suites: 1 passed, 1 total
➤ YN0009: ➤ YN0009: │ │ Tests:       1 passed, 1 total
➤ YN0009: ➤ YN0009: │ │ Snapshots:   0 total
➤ YN0009: ➤ YN0009: │ │ Time:        0.793 s, estimated 1 s
➤ YN0009: ➤ YN0009: │ │ Ran all test suites.
➤ YN0009: ➤ YN0009: │ └ Errors packages/examples/lorem-ipsum
➤ YN0009: ➤ YN0009: │ ┌ Errors packages/plugins/plugin-build
➤ YN0009: ➤ YN0009: │ │ PASS src/commands/supervisor/graph.spec.ts
➤ YN0009: ➤ YN0009: │ │   Simple dependency graph
➤ YN0009: ➤ YN0009: │ │     ✓ resolves the graph correctly (1 ms)
➤ YN0009: ➤ YN0009: │ │     ✓ can detect cyclic dependencies (1 ms)
➤ YN0009: ➤ YN0009: │ │     ✓ can find the optimal resolution path for a single target (135 ms)
➤ YN0009: ➤ YN0009: │ │     ✓ can find the optimal resolution path for multiple root nodes (206 ms)
➤ YN0009: ➤ YN0009: │ │ Test Suites: 1 passed, 1 total
➤ YN0009: ➤ YN0009: │ │ Tests:       4 passed, 4 total
➤ YN0009: ➤ YN0009: │ │ Snapshots:   0 total
➤ YN0009: ➤ YN0009: │ │ Time:        0.715 s, estimated 1 s
➤ YN0009: ➤ YN0009: │ │ Ran all test suites.
➤ YN0009: ➤ YN0009: │ └ Errors packages/plugins/plugin-build
➤ YN0009: ➤ YN0000: ➤ Run [ test finished with 1 errors ]
➤ YN0000: [12:1/13]

➤ YN0009: packages/plugins/plugin-build PASS src/commands/supervisor/graph.spec.ts
  Simple dependency graph
    ✓ resolves the graph correctly
    ✓ can detect cyclic dependencies
    ✓ can find the optimal resolution path for a single target (138 ms)
    ✓ can find the optimal resolution path for multiple root nodes (205 ms)

Test Suites: 1 passed, 1 total
Tests:       4 passed, 4 total
Snapshots:   0 total
Time:        0.739 s, estimated 1 s
Ran all test suites.

➤ YN0009: packages/examples/phrases/nullam-risus PASS src/index.spec.ts
  ✓ phrase matches expected (1 ms)

Test Suites: 1 passed, 1 total
Tests:       1 passed, 1 total
Snapshots:   0 total
Time:        0.881 s, estimated 1 s
Ran all test suites.

➤ YN0009: packages/examples/phrases/in-hac FAIL src/index.spec.ts
  ✕ phrase matches expected (2 ms)

  ● phrase matches expected

    expect(received).toBe(expected) // Object.is equality

    Expected: "In hac habitasse platea consectetur. Maecenas et blanfdit nisl elit."
    Received: "In hac habitasse platea consectetur. Maecenas et blandit nisl elit."

      2 | 
      3 | test("phrase matches expected", () => {
    > 4 |   expect(phrase).toBe(
        |                  ^
      5 |     "In hac habitasse platea consectetur. Maecenas et blanfdit nisl elit."
      6 |   );
      7 | });

      at Object.<anonymous> (src/index.spec.ts:4:18)

Test Suites: 1 failed, 1 total
Tests:       1 failed, 1 total
Snapshots:   0 total
Time:        0.907 s, estimated 1 s
Ran all test suites.

➤ YN0009: packages/examples/phrases/in-hac undefined
➤ YN0009: packages/examples/phrases/lorem-ipsum PASS src/index.spec.ts
  ✓ phrase matches expected (1 ms)

Test Suites: 1 passed, 1 total
Tests:       1 passed, 1 total
Snapshots:   0 total
Time:        0.806 s, estimated 1 s
Ran all test suites.

➤ YN0009: packages/examples/lorem-ipsum PASS src/index.spec.ts
  ✓ lipsum matches expected (1 ms)

Test Suites: 1 passed, 1 total
Tests:       1 passed, 1 total
Snapshots:   0 total
Time:        0.815 s, estimated 1 s
Ran all test suites.

➤ YN0009: ➤ YN0000: ┌ Run test for All
➤ YN0009: ➤ YN0009: │ ┌ Errors packages/examples/phrases/in-hac
➤ YN0009: ➤ YN0009: │ │ FAIL src/index.spec.ts
➤ YN0009: ➤ YN0009: │ │   ✕ phrase matches expected (2 ms)
➤ YN0009: ➤ YN0009: │ │   ● phrase matches expected
➤ YN0009: ➤ YN0009: │ │     expect(received).toBe(expected) // Object.is equality
➤ YN0009: ➤ YN0009: │ │     Expected: "In hac habitasse platea consectetur. Maecenas et blanfdit nisl elit."
➤ YN0009: ➤ YN0009: │ │     Received: "In hac habitasse platea consectetur. Maecenas et blandit nisl elit."
➤ YN0009: ➤ YN0009: │ │       2 | 
➤ YN0009: ➤ YN0009: │ │       3 | test("phrase matches expected", () => {
➤ YN0009: ➤ YN0009: │ │     > 4 |   expect(phrase).toBe(
➤ YN0009: ➤ YN0009: │ │         |                  ^
➤ YN0009: ➤ YN0009: │ │       5 |     "In hac habitasse platea consectetur. Maecenas et blanfdit nisl elit."
➤ YN0009: ➤ YN0009: │ │       6 |   );
➤ YN0009: ➤ YN0009: │ │       7 | });
➤ YN0009: ➤ YN0009: │ │       at Object.<anonymous> (src/index.spec.ts:4:18)
➤ YN0009: ➤ YN0009: │ │ Test Suites: 1 failed, 1 total
➤ YN0009: ➤ YN0009: │ │ Tests:       1 failed, 1 total
➤ YN0009: ➤ YN0009: │ │ Snapshots:   0 total
➤ YN0009: ➤ YN0009: │ │ Time:        0.907 s, estimated 1 s
➤ YN0009: ➤ YN0009: │ │ Ran all test suites.
➤ YN0009: ➤ YN0009: │ │ undefined
➤ YN0009: ➤ YN0009: │ └ Errors packages/examples/phrases/in-hac
➤ YN0009: ➤ YN0009: │ ┌ Errors packages/examples/phrases/nullam-risus
➤ YN0009: ➤ YN0009: │ │ PASS src/index.spec.ts
➤ YN0009: ➤ YN0009: │ │   ✓ phrase matches expected (1 ms)
➤ YN0009: ➤ YN0009: │ │ Test Suites: 1 passed, 1 total
➤ YN0009: ➤ YN0009: │ │ Tests:       1 passed, 1 total
➤ YN0009: ➤ YN0009: │ │ Snapshots:   0 total
➤ YN0009: ➤ YN0009: │ │ Time:        0.881 s, estimated 1 s
➤ YN0009: ➤ YN0009: │ │ Ran all test suites.
➤ YN0009: ➤ YN0009: │ └ Errors packages/examples/phrases/nullam-risus
➤ YN0009: ➤ YN0009: │ ┌ Errors packages/examples/phrases/lorem-ipsum
➤ YN0009: ➤ YN0009: │ │ PASS src/index.spec.ts
➤ YN0009: ➤ YN0009: │ │   ✓ phrase matches expected (1 ms)
➤ YN0009: ➤ YN0009: │ │ Test Suites: 1 passed, 1 total
➤ YN0009: ➤ YN0009: │ │ Tests:       1 passed, 1 total
➤ YN0009: ➤ YN0009: │ │ Snapshots:   0 total
➤ YN0009: ➤ YN0009: │ │ Time:        0.806 s, estimated 1 s
➤ YN0009: ➤ YN0009: │ │ Ran all test suites.
➤ YN0009: ➤ YN0009: │ └ Errors packages/examples/phrases/lorem-ipsum
➤ YN0009: ➤ YN0009: │ ┌ Errors packages/examples/lorem-ipsum
➤ YN0009: ➤ YN0009: │ │ PASS src/index.spec.ts
➤ YN0009: ➤ YN0009: │ │   ✓ lipsum matches expected (1 ms)
➤ YN0009: ➤ YN0009: │ │ Test Suites: 1 passed, 1 total
➤ YN0009: ➤ YN0009: │ │ Tests:       1 passed, 1 total
➤ YN0009: ➤ YN0009: │ │ Snapshots:   0 total
➤ YN0009: ➤ YN0009: │ │ Time:        0.815 s, estimated 1 s
➤ YN0009: ➤ YN0009: │ │ Ran all test suites.
➤ YN0009: ➤ YN0009: │ └ Errors packages/examples/lorem-ipsum
➤ YN0009: ➤ YN0009: │ ┌ Errors packages/plugins/plugin-build
➤ YN0009: ➤ YN0009: │ │ PASS src/commands/supervisor/graph.spec.ts
➤ YN0009: ➤ YN0009: │ │   Simple dependency graph
➤ YN0009: ➤ YN0009: │ │     ✓ resolves the graph correctly
➤ YN0009: ➤ YN0009: │ │     ✓ can detect cyclic dependencies
➤ YN0009: ➤ YN0009: │ │     ✓ can find the optimal resolution path for a single target (138 ms)
➤ YN0009: ➤ YN0009: │ │     ✓ can find the optimal resolution path for multiple root nodes (205 ms)
➤ YN0009: ➤ YN0009: │ │ Test Suites: 1 passed, 1 total
➤ YN0009: ➤ YN0009: │ │ Tests:       4 passed, 4 total
➤ YN0009: ➤ YN0009: │ │ Snapshots:   0 total
➤ YN0009: ➤ YN0009: │ │ Time:        0.739 s, estimated 1 s
➤ YN0009: ➤ YN0009: │ │ Ran all test suites.
➤ YN0009: ➤ YN0009: │ └ Errors packages/plugins/plugin-build
➤ YN0009: ➤ YN0000: ➤ Run [ test finished with 1 errors ]
➤ YN0000: [12:1/13]

➤ YN0009: packages/examples/phrases/nullam-risus PASS src/index.spec.ts
  ✓ phrase matches expected (1 ms)

Test Suites: 1 passed, 1 total
Tests:       1 passed, 1 total
Snapshots:   0 total
Time:        0.831 s, estimated 1 s
Ran all test suites.

➤ YN0009: packages/examples/phrases/in-hac FAIL src/index.spec.ts
  ✕ phrase matches expected (2 ms)

  ● phrase matches expected

    expect(received).toBe(expected) // Object.is equality

    Expected: "In hac habitasse platea consectetur. Maecenas et blanfdit nisl elit."
    Received: "In hac habitasse platea consectetur. Maecenas et blandit nisl elit."

      2 | 
      3 | test("phrase matches expected", () => {
    > 4 |   expect(phrase).toBe(
        |                  ^
      5 |     "In hac habitasse platea consectetur. Maecenas et blanfdit nisl elit."
      6 |   );
      7 | });

      at Object.<anonymous> (src/index.spec.ts:4:18)

Test Suites: 1 failed, 1 total
Tests:       1 failed, 1 total
Snapshots:   0 total
Time:        0.844 s, estimated 1 s
Ran all test suites.

➤ YN0009: packages/examples/phrases/in-hac undefined
➤ YN0009: packages/examples/phrases/lorem-ipsum PASS src/index.spec.ts
  ✓ phrase matches expected (1 ms)

Test Suites: 1 passed, 1 total
Tests:       1 passed, 1 total
Snapshots:   0 total
Time:        0.801 s, estimated 1 s
Ran all test suites.

➤ YN0009: packages/examples/lorem-ipsum PASS src/index.spec.ts
  ✓ lipsum matches expected (1 ms)

Test Suites: 1 passed, 1 total
Tests:       1 passed, 1 total
Snapshots:   0 total
Time:        0.8 s, estimated 1 s
Ran all test suites.

➤ YN0009: ➤ YN0000: ┌ Run test for packages/examples/lorem-ipsum
➤ YN0009: ➤ YN0009: │ ┌ Errors packages/examples/phrases/in-hac
➤ YN0009: ➤ YN0009: │ │ FAIL src/index.spec.ts
➤ YN0009: ➤ YN0009: │ │   ✕ phrase matches expected (2 ms)
➤ YN0009: ➤ YN0009: │ │   ● phrase matches expected
➤ YN0009: ➤ YN0009: │ │     expect(received).toBe(expected) // Object.is equality
➤ YN0009: ➤ YN0009: │ │     Expected: "In hac habitasse platea consectetur. Maecenas et blanfdit nisl elit."
➤ YN0009: ➤ YN0009: │ │     Received: "In hac habitasse platea consectetur. Maecenas et blandit nisl elit."
➤ YN0009: ➤ YN0009: │ │       2 | 
➤ YN0009: ➤ YN0009: │ │       3 | test("phrase matches expected", () => {
➤ YN0009: ➤ YN0009: │ │     > 4 |   expect(phrase).toBe(
➤ YN0009: ➤ YN0009: │ │         |                  ^
➤ YN0009: ➤ YN0009: │ │       5 |     "In hac habitasse platea consectetur. Maecenas et blanfdit nisl elit."
➤ YN0009: ➤ YN0009: │ │       6 |   );
➤ YN0009: ➤ YN0009: │ │       7 | });
➤ YN0009: ➤ YN0009: │ │       at Object.<anonymous> (src/index.spec.ts:4:18)
➤ YN0009: ➤ YN0009: │ │ Test Suites: 1 failed, 1 total
➤ YN0009: ➤ YN0009: │ │ Tests:       1 failed, 1 total
➤ YN0009: ➤ YN0009: │ │ Snapshots:   0 total
➤ YN0009: ➤ YN0009: │ │ Time:        0.844 s, estimated 1 s
➤ YN0009: ➤ YN0009: │ │ Ran all test suites.
➤ YN0009: ➤ YN0009: │ │ undefined
➤ YN0009: ➤ YN0009: │ └ Errors packages/examples/phrases/in-hac
➤ YN0009: ➤ YN0009: │ ┌ Errors packages/examples/phrases/nullam-risus
➤ YN0009: ➤ YN0009: │ │ PASS src/index.spec.ts
➤ YN0009: ➤ YN0009: │ │   ✓ phrase matches expected (1 ms)
➤ YN0009: ➤ YN0009: │ │ Test Suites: 1 passed, 1 total
➤ YN0009: ➤ YN0009: │ │ Tests:       1 passed, 1 total
➤ YN0009: ➤ YN0009: │ │ Snapshots:   0 total
➤ YN0009: ➤ YN0009: │ │ Time:        0.831 s, estimated 1 s
➤ YN0009: ➤ YN0009: │ │ Ran all test suites.
➤ YN0009: ➤ YN0009: │ └ Errors packages/examples/phrases/nullam-risus
➤ YN0009: ➤ YN0009: │ ┌ Errors packages/examples/phrases/lorem-ipsum
➤ YN0009: ➤ YN0009: │ │ PASS src/index.spec.ts
➤ YN0009: ➤ YN0009: │ │   ✓ phrase matches expected (1 ms)
➤ YN0009: ➤ YN0009: │ │ Test Suites: 1 passed, 1 total
➤ YN0009: ➤ YN0009: │ │ Tests:       1 passed, 1 total
➤ YN0009: ➤ YN0009: │ │ Snapshots:   0 total
➤ YN0009: ➤ YN0009: │ │ Time:        0.801 s, estimated 1 s
➤ YN0009: ➤ YN0009: │ │ Ran all test suites.
➤ YN0009: ➤ YN0009: │ └ Errors packages/examples/phrases/lorem-ipsum
➤ YN0009: ➤ YN0009: │ ┌ Errors packages/examples/lorem-ipsum
➤ YN0009: ➤ YN0009: │ │ PASS src/index.spec.ts
➤ YN0009: ➤ YN0009: │ │   ✓ lipsum matches expected (1 ms)
➤ YN0009: ➤ YN0009: │ │ Test Suites: 1 passed, 1 total
➤ YN0009: ➤ YN0009: │ │ Tests:       1 passed, 1 total
➤ YN0009: ➤ YN0009: │ │ Snapshots:   0 total
➤ YN0009: ➤ YN0009: │ │ Time:        0.8 s, estimated 1 s
➤ YN0009: ➤ YN0009: │ │ Ran all test suites.
➤ YN0009: ➤ YN0009: │ └ Errors packages/examples/lorem-ipsum
➤ YN0009: ➤ YN0000: ➤ Run [ test finished with 1 errors ]
➤ YN0000: [11:1/12]

➤ YN0009: packages/examples/phrases/nullam-risus PASS src/index.spec.ts
  ✓ phrase matches expected (1 ms)

Test Suites: 1 passed, 1 total
Tests:       1 passed, 1 total
Snapshots:   0 total
Time:        0.835 s, estimated 1 s
Ran all test suites.

➤ YN0009: packages/examples/phrases/in-hac FAIL src/index.spec.ts
  ✕ phrase matches expected (3 ms)

  ● phrase matches expected

    expect(received).toBe(expected) // Object.is equality

    Expected: "In hac habitasse platea consectetur. Maecenas et blanfdit nisl elit."
    Received: "In hac habitasse platea consectetur. Maecenas et blandit nisl elit."

      2 | 
      3 | test("phrase matches expected", () => {
    > 4 |   expect(phrase).toBe(
        |                  ^
      5 |     "In hac habitasse platea consectetur. Maecenas et blanfdit nisl elit."
      6 |   );
      7 | });

      at Object.<anonymous> (src/index.spec.ts:4:18)

Test Suites: 1 failed, 1 total
Tests:       1 failed, 1 total
Snapshots:   0 total
Time:        0.843 s, estimated 1 s
Ran all test suites.

➤ YN0009: packages/examples/phrases/in-hac undefined
➤ YN0009: packages/examples/phrases/lorem-ipsum PASS src/index.spec.ts
  ✓ phrase matches expected (1 ms)

Test Suites: 1 passed, 1 total
Tests:       1 passed, 1 total
Snapshots:   0 total
Time:        0.792 s, estimated 1 s
Ran all test suites.

➤ YN0009: packages/examples/lorem-ipsum PASS src/index.spec.ts
  ✓ lipsum matches expected (1 ms)

Test Suites: 1 passed, 1 total
Tests:       1 passed, 1 total
Snapshots:   0 total
Time:        0.902 s, estimated 1 s
Ran all test suites.

➤ YN0009: ➤ YN0000: ┌ Run test for packages/examples/lorem-ipsum
➤ YN0009: ➤ YN0009: │ ┌ Errors packages/examples/phrases/in-hac
➤ YN0009: ➤ YN0009: │ │ FAIL src/index.spec.ts
➤ YN0009: ➤ YN0009: │ │   ✕ phrase matches expected (3 ms)
➤ YN0009: ➤ YN0009: │ │   ● phrase matches expected
➤ YN0009: ➤ YN0009: │ │     expect(received).toBe(expected) // Object.is equality
➤ YN0009: ➤ YN0009: │ │     Expected: "In hac habitasse platea consectetur. Maecenas et blanfdit nisl elit."
➤ YN0009: ➤ YN0009: │ │     Received: "In hac habitasse platea consectetur. Maecenas et blandit nisl elit."
➤ YN0009: ➤ YN0009: │ │       2 | 
➤ YN0009: ➤ YN0009: │ │       3 | test("phrase matches expected", () => {
➤ YN0009: ➤ YN0009: │ │     > 4 |   expect(phrase).toBe(
➤ YN0009: ➤ YN0009: │ │         |                  ^
➤ YN0009: ➤ YN0009: │ │       5 |     "In hac habitasse platea consectetur. Maecenas et blanfdit nisl elit."
➤ YN0009: ➤ YN0009: │ │       6 |   );
➤ YN0009: ➤ YN0009: │ │       7 | });
➤ YN0009: ➤ YN0009: │ │       at Object.<anonymous> (src/index.spec.ts:4:18)
➤ YN0009: ➤ YN0009: │ │ Test Suites: 1 failed, 1 total
➤ YN0009: ➤ YN0009: │ │ Tests:       1 failed, 1 total
➤ YN0009: ➤ YN0009: │ │ Snapshots:   0 total
➤ YN0009: ➤ YN0009: │ │ Time:        0.843 s, estimated 1 s
➤ YN0009: ➤ YN0009: │ │ Ran all test suites.
➤ YN0009: ➤ YN0009: │ │ undefined
➤ YN0009: ➤ YN0009: │ └ Errors packages/examples/phrases/in-hac
➤ YN0009: ➤ YN0009: │ ┌ Errors packages/examples/phrases/nullam-risus
➤ YN0009: ➤ YN0009: │ │ PASS src/index.spec.ts
➤ YN0009: ➤ YN0009: │ │   ✓ phrase matches expected (1 ms)
➤ YN0009: ➤ YN0009: │ │ Test Suites: 1 passed, 1 total
➤ YN0009: ➤ YN0009: │ │ Tests:       1 passed, 1 total
➤ YN0009: ➤ YN0009: │ │ Snapshots:   0 total
➤ YN0009: ➤ YN0009: │ │ Time:        0.835 s, estimated 1 s
➤ YN0009: ➤ YN0009: │ │ Ran all test suites.
➤ YN0009: ➤ YN0009: │ └ Errors packages/examples/phrases/nullam-risus
➤ YN0009: ➤ YN0009: │ ┌ Errors packages/examples/phrases/lorem-ipsum
➤ YN0009: ➤ YN0009: │ │ PASS src/index.spec.ts
➤ YN0009: ➤ YN0009: │ │   ✓ phrase matches expected (1 ms)
➤ YN0009: ➤ YN0009: │ │ Test Suites: 1 passed, 1 total
➤ YN0009: ➤ YN0009: │ │ Tests:       1 passed, 1 total
➤ YN0009: ➤ YN0009: │ │ Snapshots:   0 total
➤ YN0009: ➤ YN0009: │ │ Time:        0.792 s, estimated 1 s
➤ YN0009: ➤ YN0009: │ │ Ran all test suites.
➤ YN0009: ➤ YN0009: │ └ Errors packages/examples/phrases/lorem-ipsum
➤ YN0009: ➤ YN0009: │ ┌ Errors packages/examples/lorem-ipsum
➤ YN0009: ➤ YN0009: │ │ PASS src/index.spec.ts
➤ YN0009: ➤ YN0009: │ │   ✓ lipsum matches expected (1 ms)
➤ YN0009: ➤ YN0009: │ │ Test Suites: 1 passed, 1 total
➤ YN0009: ➤ YN0009: │ │ Tests:       1 passed, 1 total
➤ YN0009: ➤ YN0009: │ │ Snapshots:   0 total
➤ YN0009: ➤ YN0009: │ │ Time:        0.902 s, estimated 1 s
➤ YN0009: ➤ YN0009: │ │ Ran all test suites.
➤ YN0009: ➤ YN0009: │ └ Errors packages/examples/lorem-ipsum
➤ YN0009: ➤ YN0000: ➤ Run [ test finished with 1 errors ]
➤ YN0000: [11:1/12]

➤ YN0009: ➤ YN0000: ➤ Run [ build finished ]
➤ YN0000: [13:0/13]

➤ YN0009: ➤ YN0000: ➤ Run [ build finished ]
➤ YN0000: [13:0/13]

➤ YN0009: ➤ YN0000: ➤ Run [ build finished ]
➤ YN0000: [13:0/13]

➤ YN0009: ➤ YN0000: ➤ Run [ build finished ]
➤ YN0000: [13:0/13]

➤ YN0009: ➤ YN0000: ➤ Run [ build finished ]
➤ YN0000: [13:0/13]

➤ YN0009: ➤ YN0000: ➤ Run [ build finished ]
➤ YN0000: [13:0/13]

➤ YN0009: packages/plugins/plugin-build PASS src/commands/supervisor/graph.spec.ts
  Simple dependency graph
    ✓ resolves the graph correctly
    ✓ can detect cyclic dependencies (1 ms)
    ✓ can find the optimal resolution path for a single target (138 ms)
    ✓ can find the optimal resolution path for multiple root nodes (204 ms)

Test Suites: 1 passed, 1 total
Tests:       4 passed, 4 total
Snapshots:   0 total
Time:        0.761 s, estimated 1 s
Ran all test suites.

➤ YN0009: packages/examples/phrases/nullam-risus PASS src/index.spec.ts
  ✓ phrase matches expected (1 ms)

Test Suites: 1 passed, 1 total
Tests:       1 passed, 1 total
Snapshots:   0 total
Time:        0.892 s, estimated 1 s
Ran all test suites.

➤ YN0009: packages/examples/phrases/in-hac FAIL src/index.spec.ts
  ✕ phrase matches expected (2 ms)

  ● phrase matches expected

    expect(received).toBe(expected) // Object.is equality

    Expected: "In hac habitasse platea consectetur. Maecenas et blanfdit nisl elit."
    Received: "In hac habitasse platea consectetur. Maecenas et blandit nisl elit."

      2 | 
      3 | test("phrase matches expected", () => {
    > 4 |   expect(phrase).toBe(
        |                  ^
      5 |     "In hac habitasse platea consectetur. Maecenas et blanfdit nisl elit."
      6 |   );
      7 | });

      at Object.<anonymous> (src/index.spec.ts:4:18)

Test Suites: 1 failed, 1 total
Tests:       1 failed, 1 total
Snapshots:   0 total
Time:        0.884 s, estimated 1 s
Ran all test suites.

➤ YN0009: packages/examples/phrases/in-hac undefined
➤ YN0009: packages/examples/phrases/lorem-ipsum PASS src/index.spec.ts
  ✓ phrase matches expected (1 ms)

Test Suites: 1 passed, 1 total
Tests:       1 passed, 1 total
Snapshots:   0 total
Time:        0.802 s, estimated 1 s
Ran all test suites.

➤ YN0009: packages/examples/lorem-ipsum PASS src/index.spec.ts
  ✓ lipsum matches expected (1 ms)

Test Suites: 1 passed, 1 total
Tests:       1 passed, 1 total
Snapshots:   0 total
Time:        0.804 s, estimated 1 s
Ran all test suites.

➤ YN0009: ➤ YN0000: ┌ Run test for All
➤ YN0009: ➤ YN0009: │ ┌ Errors packages/examples/phrases/in-hac
➤ YN0009: ➤ YN0009: │ │ FAIL src/index.spec.ts
➤ YN0009: ➤ YN0009: │ │   ✕ phrase matches expected (2 ms)
➤ YN0009: ➤ YN0009: │ │   ● phrase matches expected
➤ YN0009: ➤ YN0009: │ │     expect(received).toBe(expected) // Object.is equality
➤ YN0009: ➤ YN0009: │ │     Expected: "In hac habitasse platea consectetur. Maecenas et blanfdit nisl elit."
➤ YN0009: ➤ YN0009: │ │     Received: "In hac habitasse platea consectetur. Maecenas et blandit nisl elit."
➤ YN0009: ➤ YN0009: │ │       2 | 
➤ YN0009: ➤ YN0009: │ │       3 | test("phrase matches expected", () => {
➤ YN0009: ➤ YN0009: │ │     > 4 |   expect(phrase).toBe(
➤ YN0009: ➤ YN0009: │ │         |                  ^
➤ YN0009: ➤ YN0009: │ │       5 |     "In hac habitasse platea consectetur. Maecenas et blanfdit nisl elit."
➤ YN0009: ➤ YN0009: │ │       6 |   );
➤ YN0009: ➤ YN0009: │ │       7 | });
➤ YN0009: ➤ YN0009: │ │       at Object.<anonymous> (src/index.spec.ts:4:18)
➤ YN0009: ➤ YN0009: │ │ Test Suites: 1 failed, 1 total
➤ YN0009: ➤ YN0009: │ │ Tests:       1 failed, 1 total
➤ YN0009: ➤ YN0009: │ │ Snapshots:   0 total
➤ YN0009: ➤ YN0009: │ │ Time:        0.884 s, estimated 1 s
➤ YN0009: ➤ YN0009: │ │ Ran all test suites.
➤ YN0009: ➤ YN0009: │ │ undefined
➤ YN0009: ➤ YN0009: │ └ Errors packages/examples/phrases/in-hac
➤ YN0009: ➤ YN0009: │ ┌ Errors packages/examples/phrases/nullam-risus
➤ YN0009: ➤ YN0009: │ │ PASS src/index.spec.ts
➤ YN0009: ➤ YN0009: │ │   ✓ phrase matches expected (1 ms)
➤ YN0009: ➤ YN0009: │ │ Test Suites: 1 passed, 1 total
➤ YN0009: ➤ YN0009: │ │ Tests:       1 passed, 1 total
➤ YN0009: ➤ YN0009: │ │ Snapshots:   0 total
➤ YN0009: ➤ YN0009: │ │ Time:        0.892 s, estimated 1 s
➤ YN0009: ➤ YN0009: │ │ Ran all test suites.
➤ YN0009: ➤ YN0009: │ └ Errors packages/examples/phrases/nullam-risus
➤ YN0009: ➤ YN0009: │ ┌ Errors packages/examples/phrases/lorem-ipsum
➤ YN0009: ➤ YN0009: │ │ PASS src/index.spec.ts
➤ YN0009: ➤ YN0009: │ │   ✓ phrase matches expected (1 ms)
➤ YN0009: ➤ YN0009: │ │ Test Suites: 1 passed, 1 total
➤ YN0009: ➤ YN0009: │ │ Tests:       1 passed, 1 total
➤ YN0009: ➤ YN0009: │ │ Snapshots:   0 total
➤ YN0009: ➤ YN0009: │ │ Time:        0.802 s, estimated 1 s
➤ YN0009: ➤ YN0009: │ │ Ran all test suites.
➤ YN0009: ➤ YN0009: │ └ Errors packages/examples/phrases/lorem-ipsum
➤ YN0009: ➤ YN0009: │ ┌ Errors packages/examples/lorem-ipsum
➤ YN0009: ➤ YN0009: │ │ PASS src/index.spec.ts
➤ YN0009: ➤ YN0009: │ │   ✓ lipsum matches expected (1 ms)
➤ YN0009: ➤ YN0009: │ │ Test Suites: 1 passed, 1 total
➤ YN0009: ➤ YN0009: │ │ Tests:       1 passed, 1 total
➤ YN0009: ➤ YN0009: │ │ Snapshots:   0 total
➤ YN0009: ➤ YN0009: │ │ Time:        0.804 s, estimated 1 s
➤ YN0009: ➤ YN0009: │ │ Ran all test suites.
➤ YN0009: ➤ YN0009: │ └ Errors packages/examples/lorem-ipsum
➤ YN0009: ➤ YN0009: │ ┌ Errors packages/plugins/plugin-build
➤ YN0009: ➤ YN0009: │ │ PASS src/commands/supervisor/graph.spec.ts
➤ YN0009: ➤ YN0009: │ │   Simple dependency graph
➤ YN0009: ➤ YN0009: │ │     ✓ resolves the graph correctly
➤ YN0009: ➤ YN0009: │ │     ✓ can detect cyclic dependencies (1 ms)
➤ YN0009: ➤ YN0009: │ │     ✓ can find the optimal resolution path for a single target (138 ms)
➤ YN0009: ➤ YN0009: │ │     ✓ can find the optimal resolution path for multiple root nodes (204 ms)
➤ YN0009: ➤ YN0009: │ │ Test Suites: 1 passed, 1 total
➤ YN0009: ➤ YN0009: │ │ Tests:       4 passed, 4 total
➤ YN0009: ➤ YN0009: │ │ Snapshots:   0 total
➤ YN0009: ➤ YN0009: │ │ Time:        0.761 s, estimated 1 s
➤ YN0009: ➤ YN0009: │ │ Ran all test suites.
➤ YN0009: ➤ YN0009: │ └ Errors packages/plugins/plugin-build
➤ YN0009: ➤ YN0000: ➤ Run [ test finished with 1 errors ]
➤ YN0000: [12:1/13]

➤ YN0009: packages/examples/phrases/in-hac FAIL src/index.spec.ts
  ✕ phrase matches expected (3 ms)

  ● phrase matches expected

    expect(received).toBe(expected) // Object.is equality

    Expected: "In hac habitasse platea consectetur. Maecenas et blanfdit nisl elit."
    Received: "In hac habitasse platea consectetur. Maecenas et blandit nisl elit."

      2 | 
      3 | test("phrase matches expected", () => {
    > 4 |   expect(phrase).toBe(
        |                  ^
      5 |     "In hac habitasse platea consectetur. Maecenas et blanfdit nisl elit."
      6 |   );
      7 | });

      at Object.<anonymous> (src/index.spec.ts:4:18)

Test Suites: 1 failed, 1 total
Tests:       1 failed, 1 total
Snapshots:   0 total
Time:        0.805 s, estimated 1 s
Ran all test suites.

➤ YN0009: packages/examples/phrases/in-hac undefined
➤ YN0009: packages/examples/phrases/lorem-ipsum PASS src/index.spec.ts
  ✓ phrase matches expected (1 ms)

Test Suites: 1 passed, 1 total
Tests:       1 passed, 1 total
Snapshots:   0 total
Time:        0.792 s, estimated 1 s
Ran all test suites.

➤ YN0009: packages/examples/lorem-ipsum PASS src/index.spec.ts
  ✓ lipsum matches expected (1 ms)

Test Suites: 1 passed, 1 total
Tests:       1 passed, 1 total
Snapshots:   0 total
Time:        0.793 s, estimated 1 s
Ran all test suites.

➤ YN0009: ➤ YN0000: ┌ Run test for All
➤ YN0009: ➤ YN0009: │ ┌ Errors packages/examples/phrases/in-hac
➤ YN0009: ➤ YN0009: │ │ FAIL src/index.spec.ts
➤ YN0009: ➤ YN0009: │ │   ✕ phrase matches expected (3 ms)
➤ YN0009: ➤ YN0009: │ │   ● phrase matches expected
➤ YN0009: ➤ YN0009: │ │     expect(received).toBe(expected) // Object.is equality
➤ YN0009: ➤ YN0009: │ │     Expected: "In hac habitasse platea consectetur. Maecenas et blanfdit nisl elit."
➤ YN0009: ➤ YN0009: │ │     Received: "In hac habitasse platea consectetur. Maecenas et blandit nisl elit."
➤ YN0009: ➤ YN0009: │ │       2 | 
➤ YN0009: ➤ YN0009: │ │       3 | test("phrase matches expected", () => {
➤ YN0009: ➤ YN0009: │ │     > 4 |   expect(phrase).toBe(
➤ YN0009: ➤ YN0009: │ │         |                  ^
➤ YN0009: ➤ YN0009: │ │       5 |     "In hac habitasse platea consectetur. Maecenas et blanfdit nisl elit."
➤ YN0009: ➤ YN0009: │ │       6 |   );
➤ YN0009: ➤ YN0009: │ │       7 | });
➤ YN0009: ➤ YN0009: │ │       at Object.<anonymous> (src/index.spec.ts:4:18)
➤ YN0009: ➤ YN0009: │ │ Test Suites: 1 failed, 1 total
➤ YN0009: ➤ YN0009: │ │ Tests:       1 failed, 1 total
➤ YN0009: ➤ YN0009: │ │ Snapshots:   0 total
➤ YN0009: ➤ YN0009: │ │ Time:        0.805 s, estimated 1 s
➤ YN0009: ➤ YN0009: │ │ Ran all test suites.
➤ YN0009: ➤ YN0009: │ │ undefined
➤ YN0009: ➤ YN0009: │ └ Errors packages/examples/phrases/in-hac
➤ YN0009: ➤ YN0009: │ ┌ Errors packages/examples/phrases/lorem-ipsum
➤ YN0009: ➤ YN0009: │ │ PASS src/index.spec.ts
➤ YN0009: ➤ YN0009: │ │   ✓ phrase matches expected (1 ms)
➤ YN0009: ➤ YN0009: │ │ Test Suites: 1 passed, 1 total
➤ YN0009: ➤ YN0009: │ │ Tests:       1 passed, 1 total
➤ YN0009: ➤ YN0009: │ │ Snapshots:   0 total
➤ YN0009: ➤ YN0009: │ │ Time:        0.792 s, estimated 1 s
➤ YN0009: ➤ YN0009: │ │ Ran all test suites.
➤ YN0009: ➤ YN0009: │ └ Errors packages/examples/phrases/lorem-ipsum
➤ YN0009: ➤ YN0009: │ ┌ Errors packages/examples/lorem-ipsum
➤ YN0009: ➤ YN0009: │ │ PASS src/index.spec.ts
➤ YN0009: ➤ YN0009: │ │   ✓ lipsum matches expected (1 ms)
➤ YN0009: ➤ YN0009: │ │ Test Suites: 1 passed, 1 total
➤ YN0009: ➤ YN0009: │ │ Tests:       1 passed, 1 total
➤ YN0009: ➤ YN0009: │ │ Snapshots:   0 total
➤ YN0009: ➤ YN0009: │ │ Time:        0.793 s, estimated 1 s
➤ YN0009: ➤ YN0009: │ │ Ran all test suites.
➤ YN0009: ➤ YN0009: │ └ Errors packages/examples/lorem-ipsum
➤ YN0009: ➤ YN0000: ➤ Run [ test finished with 1 errors ]
➤ YN0000: [2:1/3]

➤ YN0009: packages/examples/phrases/in-hac FAIL src/index.spec.ts
  ✕ phrase matches expected (2 ms)

  ● phrase matches expected

    expect(received).toBe(expected) // Object.is equality

    Expected: "In hac habitasse platea consectetur. Maecenas et blanfdit nisl elit."
    Received: "In hac habitasse platea consectetur. Maecenas et blandit nisl elit."

      2 | 
      3 | test("phrase matches expected", () => {
    > 4 |   expect(phrase).toBe(
        |                  ^
      5 |     "In hac habitasse platea consectetur. Maecenas et blanfdit nisl elit."
      6 |   );
      7 | });

      at Object.<anonymous> (src/index.spec.ts:4:18)

Test Suites: 1 failed, 1 total
Tests:       1 failed, 1 total
Snapshots:   0 total
Time:        1.092 s
Ran all test suites.

➤ YN0009: packages/examples/phrases/in-hac undefined
➤ YN0009: packages/plugins/plugin-build PASS src/commands/supervisor/graph.spec.ts
  Simple dependency graph
    ✓ resolves the graph correctly (1 ms)
    ✓ can detect cyclic dependencies
    ✓ can find the optimal resolution path for a single target (141 ms)
    ✓ can find the optimal resolution path for multiple root nodes (207 ms)

Test Suites: 1 passed, 1 total
Tests:       4 passed, 4 total
Snapshots:   0 total
Time:        0.702 s, estimated 1 s
Ran all test suites.

➤ YN0009: packages/examples/phrases/lorem-ipsum PASS src/index.spec.ts
  ✓ phrase matches expected (1 ms)

Test Suites: 1 passed, 1 total
Tests:       1 passed, 1 total
Snapshots:   0 total
Time:        0.795 s, estimated 1 s
Ran all test suites.

➤ YN0009: packages/examples/lorem-ipsum PASS src/index.spec.ts
  ✓ lipsum matches expected (1 ms)

Test Suites: 1 passed, 1 total
Tests:       1 passed, 1 total
Snapshots:   0 total
Time:        0.793 s, estimated 1 s
Ran all test suites.

➤ YN0009: ➤ YN0000: ┌ Run test for All
➤ YN0009: ➤ YN0009: │ ┌ Errors packages/examples/phrases/in-hac
➤ YN0009: ➤ YN0009: │ │ FAIL src/index.spec.ts
➤ YN0009: ➤ YN0009: │ │   ✕ phrase matches expected (2 ms)
➤ YN0009: ➤ YN0009: │ │   ● phrase matches expected
➤ YN0009: ➤ YN0009: │ │     expect(received).toBe(expected) // Object.is equality
➤ YN0009: ➤ YN0009: │ │     Expected: "In hac habitasse platea consectetur. Maecenas et blanfdit nisl elit."
➤ YN0009: ➤ YN0009: │ │     Received: "In hac habitasse platea consectetur. Maecenas et blandit nisl elit."
➤ YN0009: ➤ YN0009: │ │       2 | 
➤ YN0009: ➤ YN0009: │ │       3 | test("phrase matches expected", () => {
➤ YN0009: ➤ YN0009: │ │     > 4 |   expect(phrase).toBe(
➤ YN0009: ➤ YN0009: │ │         |                  ^
➤ YN0009: ➤ YN0009: │ │       5 |     "In hac habitasse platea consectetur. Maecenas et blanfdit nisl elit."
➤ YN0009: ➤ YN0009: │ │       6 |   );
➤ YN0009: ➤ YN0009: │ │       7 | });
➤ YN0009: ➤ YN0009: │ │       at Object.<anonymous> (src/index.spec.ts:4:18)
➤ YN0009: ➤ YN0009: │ │ Test Suites: 1 failed, 1 total
➤ YN0009: ➤ YN0009: │ │ Tests:       1 failed, 1 total
➤ YN0009: ➤ YN0009: │ │ Snapshots:   0 total
➤ YN0009: ➤ YN0009: │ │ Time:        1.092 s
➤ YN0009: ➤ YN0009: │ │ Ran all test suites.
➤ YN0009: ➤ YN0009: │ │ undefined
➤ YN0009: ➤ YN0009: │ └ Errors packages/examples/phrases/in-hac
➤ YN0009: ➤ YN0009: │ ┌ Errors packages/examples/phrases/lorem-ipsum
➤ YN0009: ➤ YN0009: │ │ PASS src/index.spec.ts
➤ YN0009: ➤ YN0009: │ │   ✓ phrase matches expected (1 ms)
➤ YN0009: ➤ YN0009: │ │ Test Suites: 1 passed, 1 total
➤ YN0009: ➤ YN0009: │ │ Tests:       1 passed, 1 total
➤ YN0009: ➤ YN0009: │ │ Snapshots:   0 total
➤ YN0009: ➤ YN0009: │ │ Time:        0.795 s, estimated 1 s
➤ YN0009: ➤ YN0009: │ │ Ran all test suites.
➤ YN0009: ➤ YN0009: │ └ Errors packages/examples/phrases/lorem-ipsum
➤ YN0009: ➤ YN0009: │ ┌ Errors packages/examples/lorem-ipsum
➤ YN0009: ➤ YN0009: │ │ PASS src/index.spec.ts
➤ YN0009: ➤ YN0009: │ │   ✓ lipsum matches expected (1 ms)
➤ YN0009: ➤ YN0009: │ │ Test Suites: 1 passed, 1 total
➤ YN0009: ➤ YN0009: │ │ Tests:       1 passed, 1 total
➤ YN0009: ➤ YN0009: │ │ Snapshots:   0 total
➤ YN0009: ➤ YN0009: │ │ Time:        0.793 s, estimated 1 s
➤ YN0009: ➤ YN0009: │ │ Ran all test suites.
➤ YN0009: ➤ YN0009: │ └ Errors packages/examples/lorem-ipsum
➤ YN0009: ➤ YN0009: │ ┌ Errors packages/plugins/plugin-build
➤ YN0009: ➤ YN0009: │ │ PASS src/commands/supervisor/graph.spec.ts
➤ YN0009: ➤ YN0009: │ │   Simple dependency graph
➤ YN0009: ➤ YN0009: │ │     ✓ resolves the graph correctly (1 ms)
➤ YN0009: ➤ YN0009: │ │     ✓ can detect cyclic dependencies
➤ YN0009: ➤ YN0009: │ │     ✓ can find the optimal resolution path for a single target (141 ms)
➤ YN0009: ➤ YN0009: │ │     ✓ can find the optimal resolution path for multiple root nodes (207 ms)
➤ YN0009: ➤ YN0009: │ │ Test Suites: 1 passed, 1 total
➤ YN0009: ➤ YN0009: │ │ Tests:       4 passed, 4 total
➤ YN0009: ➤ YN0009: │ │ Snapshots:   0 total
➤ YN0009: ➤ YN0009: │ │ Time:        0.702 s, estimated 1 s
➤ YN0009: ➤ YN0009: │ │ Ran all test suites.
➤ YN0009: ➤ YN0009: │ └ Errors packages/plugins/plugin-build
➤ YN0009: ➤ YN0000: ➤ Run [ test finished with 1 errors ]
➤ YN0000: [3:1/4]

➤ YN0009: packages/examples/phrases/in-hac FAIL src/index.spec.ts
  ✕ phrase matches expected (3 ms)

  ● phrase matches expected

    expect(received).toBe(expected) // Object.is equality

    Expected: "In hac habitasse platea consectetur. Maecenas et blanfdit nisl elit."
    Received: "In hac habitasse platea consectetur. Maecenas et blandit nisl elit."

      2 | 
      3 | test("phrase matches expected", () => {
    > 4 |   expect(phrase).toBe(
        |                  ^
      5 |     "In hac habitasse platea consectetur. Maecenas et blanfdit nisl elit."
      6 |   );
      7 | });

      at Object.<anonymous> (src/index.spec.ts:4:18)

Test Suites: 1 failed, 1 total
Tests:       1 failed, 1 total
Snapshots:   0 total
Time:        1.099 s
Ran all test suites.

➤ YN0009: packages/examples/phrases/in-hac undefined
➤ YN0009: packages/plugins/plugin-build PASS src/commands/supervisor/graph.spec.ts
  Simple dependency graph
    ✓ resolves the graph correctly (1 ms)
    ✓ can detect cyclic dependencies (1 ms)
    ✓ can find the optimal resolution path for a single target (134 ms)
    ✓ can find the optimal resolution path for multiple root nodes (207 ms)

Test Suites: 1 passed, 1 total
Tests:       4 passed, 4 total
Snapshots:   0 total
Time:        0.71 s, estimated 1 s
Ran all test suites.

➤ YN0009: packages/examples/phrases/lorem-ipsum PASS src/index.spec.ts
  ✓ phrase matches expected (1 ms)

Test Suites: 1 passed, 1 total
Tests:       1 passed, 1 total
Snapshots:   0 total
Time:        0.795 s, estimated 1 s
Ran all test suites.

➤ YN0009: packages/examples/lorem-ipsum PASS src/index.spec.ts
  ✓ lipsum matches expected (1 ms)

Test Suites: 1 passed, 1 total
Tests:       1 passed, 1 total
Snapshots:   0 total
Time:        0.791 s, estimated 1 s
Ran all test suites.

➤ YN0009: ➤ YN0000: ┌ Run test for All
➤ YN0009: ➤ YN0009: │ ┌ Errors packages/examples/phrases/in-hac
➤ YN0009: ➤ YN0009: │ │ FAIL src/index.spec.ts
➤ YN0009: ➤ YN0009: │ │   ✕ phrase matches expected (3 ms)
➤ YN0009: ➤ YN0009: │ │   ● phrase matches expected
➤ YN0009: ➤ YN0009: │ │     expect(received).toBe(expected) // Object.is equality
➤ YN0009: ➤ YN0009: │ │     Expected: "In hac habitasse platea consectetur. Maecenas et blanfdit nisl elit."
➤ YN0009: ➤ YN0009: │ │     Received: "In hac habitasse platea consectetur. Maecenas et blandit nisl elit."
➤ YN0009: ➤ YN0009: │ │       2 | 
➤ YN0009: ➤ YN0009: │ │       3 | test("phrase matches expected", () => {
➤ YN0009: ➤ YN0009: │ │     > 4 |   expect(phrase).toBe(
➤ YN0009: ➤ YN0009: │ │         |                  ^
➤ YN0009: ➤ YN0009: │ │       5 |     "In hac habitasse platea consectetur. Maecenas et blanfdit nisl elit."
➤ YN0009: ➤ YN0009: │ │       6 |   );
➤ YN0009: ➤ YN0009: │ │       7 | });
➤ YN0009: ➤ YN0009: │ │       at Object.<anonymous> (src/index.spec.ts:4:18)
➤ YN0009: ➤ YN0009: │ │ Test Suites: 1 failed, 1 total
➤ YN0009: ➤ YN0009: │ │ Tests:       1 failed, 1 total
➤ YN0009: ➤ YN0009: │ │ Snapshots:   0 total
➤ YN0009: ➤ YN0009: │ │ Time:        1.099 s
➤ YN0009: ➤ YN0009: │ │ Ran all test suites.
➤ YN0009: ➤ YN0009: │ │ undefined
➤ YN0009: ➤ YN0009: │ └ Errors packages/examples/phrases/in-hac
➤ YN0009: ➤ YN0009: │ ┌ Errors packages/examples/phrases/lorem-ipsum
➤ YN0009: ➤ YN0009: │ │ PASS src/index.spec.ts
➤ YN0009: ➤ YN0009: │ │   ✓ phrase matches expected (1 ms)
➤ YN0009: ➤ YN0009: │ │ Test Suites: 1 passed, 1 total
➤ YN0009: ➤ YN0009: │ │ Tests:       1 passed, 1 total
➤ YN0009: ➤ YN0009: │ │ Snapshots:   0 total
➤ YN0009: ➤ YN0009: │ │ Time:        0.795 s, estimated 1 s
➤ YN0009: ➤ YN0009: │ │ Ran all test suites.
➤ YN0009: ➤ YN0009: │ └ Errors packages/examples/phrases/lorem-ipsum
➤ YN0009: ➤ YN0009: │ ┌ Errors packages/examples/lorem-ipsum
➤ YN0009: ➤ YN0009: │ │ PASS src/index.spec.ts
➤ YN0009: ➤ YN0009: │ │   ✓ lipsum matches expected (1 ms)
➤ YN0009: ➤ YN0009: │ │ Test Suites: 1 passed, 1 total
➤ YN0009: ➤ YN0009: │ │ Tests:       1 passed, 1 total
➤ YN0009: ➤ YN0009: │ │ Snapshots:   0 total
➤ YN0009: ➤ YN0009: │ │ Time:        0.791 s, estimated 1 s
➤ YN0009: ➤ YN0009: │ │ Ran all test suites.
➤ YN0009: ➤ YN0009: │ └ Errors packages/examples/lorem-ipsum
➤ YN0009: ➤ YN0009: │ ┌ Errors packages/plugins/plugin-build
➤ YN0009: ➤ YN0009: │ │ PASS src/commands/supervisor/graph.spec.ts
➤ YN0009: ➤ YN0009: │ │   Simple dependency graph
➤ YN0009: ➤ YN0009: │ │     ✓ resolves the graph correctly (1 ms)
➤ YN0009: ➤ YN0009: │ │     ✓ can detect cyclic dependencies (1 ms)
➤ YN0009: ➤ YN0009: │ │     ✓ can find the optimal resolution path for a single target (134 ms)
➤ YN0009: ➤ YN0009: │ │     ✓ can find the optimal resolution path for multiple root nodes (207 ms)
➤ YN0009: ➤ YN0009: │ │ Test Suites: 1 passed, 1 total
➤ YN0009: ➤ YN0009: │ │ Tests:       4 passed, 4 total
➤ YN0009: ➤ YN0009: │ │ Snapshots:   0 total
➤ YN0009: ➤ YN0009: │ │ Time:        0.71 s, estimated 1 s
➤ YN0009: ➤ YN0009: │ │ Ran all test suites.
➤ YN0009: ➤ YN0009: │ └ Errors packages/plugins/plugin-build
➤ YN0009: ➤ YN0000: ➤ Run [ test finished with 1 errors ]
➤ YN0000: [3:1/4]

➤ YN0009: ➤ YN0000: ➤ Run [ build finished ]
➤ YN0000: [1:0/1]

➤ YN0009: ➤ YN0000: ➤ Run [ build finished ]
➤ YN0000: [13:0/13]

➤ YN0009: packages/examples/lorem-ipsum undefined
➤ YN0009: ➤ YN0000: ┌ Run build for All
➤ YN0009: ➤ YN0009: │ ┌ Errors packages/examples/lorem-ipsum
➤ YN0009: ➤ YN0009: │ │ undefined
➤ YN0009: ➤ YN0009: │ └ Errors packages/examples/lorem-ipsum
➤ YN0009: ➤ YN0000: ➤ Run [ build finished with 1 errors ]
➤ YN0000: [12:1/13]

➤ YN0009: packages/examples/lorem-ipsum undefined
➤ YN0009: ➤ YN0000: ┌ Run build for packages/examples/lorem-ipsum
➤ YN0009: ➤ YN0009: │ ┌ Errors packages/examples/lorem-ipsum
➤ YN0009: ➤ YN0009: │ │ undefined
➤ YN0009: ➤ YN0009: │ └ Errors packages/examples/lorem-ipsum
➤ YN0009: ➤ YN0000: ➤ Run [ build finished with 1 errors ]
➤ YN0000: [0:1/1]

➤ YN0009: packages/examples/lorem-ipsum undefined
➤ YN0009: ➤ YN0000: ┌ Run build for All
➤ YN0009: ➤ YN0009: │ ┌ Errors for packages/examples/lorem-ipsum
➤ YN0009: ➤ YN0009: │ │ src/index.ts:7:1 - error TS2304: Cannot find name 'f'.
➤ YN0009: ➤ YN0009: │ │ 7 f;
➤ YN0009: ➤ YN0009: │ │   ~
➤ YN0009: ➤ YN0009: │ │ Found 1 error.
➤ YN0009: ➤ YN0009: │ └ End packages/examples/lorem-ipsum
➤ YN0009: ➤ YN0009: │ ┌ Errors packages/examples/lorem-ipsum
➤ YN0009: ➤ YN0009: │ │ undefined
➤ YN0009: ➤ YN0009: │ └ Errors packages/examples/lorem-ipsum
➤ YN0009: ➤ YN0000: ➤ Run [ build finished with 1 errors ]
➤ YN0000: [1:1/2]

➤ YN0009: packages/examples/lorem-ipsum undefined
➤ YN0009: ➤ YN0000: ┌ Run build for All
➤ YN0009: ➤ YN0009: │ ┌ [stdout] for packages/examples/lorem-ipsum
➤ YN0009: ➤ YN0009: │ │ src/index.ts:7:1 - error TS2304: Cannot find name 'f'.
➤ YN0009: ➤ YN0009: │ │ 7 f;
➤ YN0009: ➤ YN0009: │ │   ~
➤ YN0009: ➤ YN0009: │ │ Found 1 error.
➤ YN0009: ➤ YN0009: │ └ End packages/examples/lorem-ipsum
➤ YN0009: ➤ YN0009: │ ┌ [stderr] packages/examples/lorem-ipsum
➤ YN0009: ➤ YN0009: │ │ undefined
➤ YN0009: ➤ YN0009: │ └ Errors packages/examples/lorem-ipsum
➤ YN0009: ➤ YN0000: ➤ Run [ build finished with 1 errors ]
➤ YN0000: [1:1/2]

➤ YN0009: packages/examples/lorem-ipsum undefined
➤ YN0009: ➤ YN0000: ┌ Run build for All
➤ YN0009: ➤ YN0009: │ ┌ [stdout] for packages/examples/lorem-ipsum
➤ YN0009: ➤ YN0009: │ │ src/index.ts:7:1 - error TS2304: Cannot find name 'f'.
➤ YN0009: ➤ YN0009: │ │ 7 f;
➤ YN0009: ➤ YN0009: │ │   ~
➤ YN0009: ➤ YN0009: │ │ Found 1 error.
➤ YN0009: ➤ YN0009: │ └ [stdout] packages/examples/lorem-ipsum
➤ YN0009: ➤ YN0009: │ ┌ [stderr] packages/examples/lorem-ipsum
➤ YN0009: ➤ YN0009: │ │ undefined
➤ YN0009: ➤ YN0009: │ └ [stderr] packages/examples/lorem-ipsum
➤ YN0009: ➤ YN0000: ➤ Run [ build finished with 1 errors ]
➤ YN0000: [1:1/2]

➤ YN0009: packages/plugins/plugin-build PASS src/commands/supervisor/graph.spec.ts
  Simple dependency graph
    ✓ resolves the graph correctly (1 ms)
    ✓ can detect cyclic dependencies (1 ms)
    ✓ can find the optimal resolution path for a single target (135 ms)
    ✓ can find the optimal resolution path for multiple root nodes (199 ms)

Test Suites: 1 passed, 1 total
Tests:       4 passed, 4 total
Snapshots:   0 total
Time:        0.755 s, estimated 1 s
Ran all test suites.

➤ YN0009: packages/examples/phrases/in-hac FAIL src/index.spec.ts
  ✕ phrase matches expected (3 ms)

  ● phrase matches expected

    expect(received).toBe(expected) // Object.is equality

    Expected: "In hac habitasse platea consectetur. Maecenas et blanfdit nisl elit."
    Received: "In hac habitasse platea consectetur. Maecenas et blandit nisl elit."

      2 | 
      3 | test("phrase matches expected", () => {
    > 4 |   expect(phrase).toBe(
        |                  ^
      5 |     "In hac habitasse platea consectetur. Maecenas et blanfdit nisl elit."
      6 |   );
      7 | });

      at Object.<anonymous> (src/index.spec.ts:4:18)

Test Suites: 1 failed, 1 total
Tests:       1 failed, 1 total
Snapshots:   0 total
Time:        0.874 s, estimated 1 s
Ran all test suites.

➤ YN0009: packages/examples/phrases/in-hac undefined
➤ YN0009: packages/examples/phrases/lorem-ipsum PASS src/index.spec.ts
  ✓ phrase matches expected (1 ms)

Test Suites: 1 passed, 1 total
Tests:       1 passed, 1 total
Snapshots:   0 total
Time:        0.796 s, estimated 1 s
Ran all test suites.

➤ YN0009: packages/examples/lorem-ipsum FAIL src/index.spec.ts
  ● Test suite failed to run

    src/index.ts:7:1 - error TS2304: Cannot find name 'f'.

    7 f;
      ~

Test Suites: 1 failed, 1 total
Tests:       0 total
Snapshots:   0 total
Time:        1.096 s
Ran all test suites.

➤ YN0009: packages/examples/lorem-ipsum undefined
➤ YN0009: ➤ YN0000: ┌ Run test for All
➤ YN0009: ➤ YN0009: │ ┌ [stderr] packages/examples/phrases/in-hac
➤ YN0009: ➤ YN0009: │ │ FAIL src/index.spec.ts
➤ YN0009: ➤ YN0009: │ │   ✕ phrase matches expected (3 ms)
➤ YN0009: ➤ YN0009: │ │   ● phrase matches expected
➤ YN0009: ➤ YN0009: │ │     expect(received).toBe(expected) // Object.is equality
➤ YN0009: ➤ YN0009: │ │     Expected: "In hac habitasse platea consectetur. Maecenas et blanfdit nisl elit."
➤ YN0009: ➤ YN0009: │ │     Received: "In hac habitasse platea consectetur. Maecenas et blandit nisl elit."
➤ YN0009: ➤ YN0009: │ │       2 | 
➤ YN0009: ➤ YN0009: │ │       3 | test("phrase matches expected", () => {
➤ YN0009: ➤ YN0009: │ │     > 4 |   expect(phrase).toBe(
➤ YN0009: ➤ YN0009: │ │         |                  ^
➤ YN0009: ➤ YN0009: │ │       5 |     "In hac habitasse platea consectetur. Maecenas et blanfdit nisl elit."
➤ YN0009: ➤ YN0009: │ │       6 |   );
➤ YN0009: ➤ YN0009: │ │       7 | });
➤ YN0009: ➤ YN0009: │ │       at Object.<anonymous> (src/index.spec.ts:4:18)
➤ YN0009: ➤ YN0009: │ │ Test Suites: 1 failed, 1 total
➤ YN0009: ➤ YN0009: │ │ Tests:       1 failed, 1 total
➤ YN0009: ➤ YN0009: │ │ Snapshots:   0 total
➤ YN0009: ➤ YN0009: │ │ Time:        0.874 s, estimated 1 s
➤ YN0009: ➤ YN0009: │ │ Ran all test suites.
➤ YN0009: ➤ YN0009: │ │ undefined
➤ YN0009: ➤ YN0009: │ └ [stderr] packages/examples/phrases/in-hac
➤ YN0009: ➤ YN0009: │ ┌ [stderr] packages/examples/phrases/lorem-ipsum
➤ YN0009: ➤ YN0009: │ │ PASS src/index.spec.ts
➤ YN0009: ➤ YN0009: │ │   ✓ phrase matches expected (1 ms)
➤ YN0009: ➤ YN0009: │ │ Test Suites: 1 passed, 1 total
➤ YN0009: ➤ YN0009: │ │ Tests:       1 passed, 1 total
➤ YN0009: ➤ YN0009: │ │ Snapshots:   0 total
➤ YN0009: ➤ YN0009: │ │ Time:        0.796 s, estimated 1 s
➤ YN0009: ➤ YN0009: │ │ Ran all test suites.
➤ YN0009: ➤ YN0009: │ └ [stderr] packages/examples/phrases/lorem-ipsum
➤ YN0009: ➤ YN0009: │ ┌ [stderr] packages/examples/lorem-ipsum
➤ YN0009: ➤ YN0009: │ │ FAIL src/index.spec.ts
➤ YN0009: ➤ YN0009: │ │   ● Test suite failed to run
➤ YN0009: ➤ YN0009: │ │     src/index.ts:7:1 - error TS2304: Cannot find name 'f'.
➤ YN0009: ➤ YN0009: │ │     7 f;
➤ YN0009: ➤ YN0009: │ │       ~
➤ YN0009: ➤ YN0009: │ │ Test Suites: 1 failed, 1 total
➤ YN0009: ➤ YN0009: │ │ Tests:       0 total
➤ YN0009: ➤ YN0009: │ │ Snapshots:   0 total
➤ YN0009: ➤ YN0009: │ │ Time:        1.096 s
➤ YN0009: ➤ YN0009: │ │ Ran all test suites.
➤ YN0009: ➤ YN0009: │ │ undefined
➤ YN0009: ➤ YN0009: │ └ [stderr] packages/examples/lorem-ipsum
➤ YN0009: ➤ YN0009: │ ┌ [stderr] packages/plugins/plugin-build
➤ YN0009: ➤ YN0009: │ │ PASS src/commands/supervisor/graph.spec.ts
➤ YN0009: ➤ YN0009: │ │   Simple dependency graph
➤ YN0009: ➤ YN0009: │ │     ✓ resolves the graph correctly (1 ms)
➤ YN0009: ➤ YN0009: │ │     ✓ can detect cyclic dependencies (1 ms)
➤ YN0009: ➤ YN0009: │ │     ✓ can find the optimal resolution path for a single target (135 ms)
➤ YN0009: ➤ YN0009: │ │     ✓ can find the optimal resolution path for multiple root nodes (199 ms)
➤ YN0009: ➤ YN0009: │ │ Test Suites: 1 passed, 1 total
➤ YN0009: ➤ YN0009: │ │ Tests:       4 passed, 4 total
➤ YN0009: ➤ YN0009: │ │ Snapshots:   0 total
➤ YN0009: ➤ YN0009: │ │ Time:        0.755 s, estimated 1 s
➤ YN0009: ➤ YN0009: │ │ Ran all test suites.
➤ YN0009: ➤ YN0009: │ └ [stderr] packages/plugins/plugin-build
➤ YN0009: ➤ YN0000: ➤ Run [ test finished with 2 errors ]
➤ YN0000: [2:2/4]

➤ YN0009: packages/examples/phrases/in-hac FAIL src/index.spec.ts
  ✕ phrase matches expected (2 ms)

  ● phrase matches expected

    expect(received).toBe(expected) // Object.is equality

    Expected: "In hac habitasse platea consectetur. Maecenas et blanfdit nisl elit."
    Received: "In hac habitasse platea consectetur. Maecenas et blandit nisl elit."

      2 | 
      3 | test("phrase matches expected", () => {
    > 4 |   expect(phrase).toBe(
        |                  ^
      5 |     "In hac habitasse platea consectetur. Maecenas et blanfdit nisl elit."
      6 |   );
      7 | });

      at Object.<anonymous> (src/index.spec.ts:4:18)

Test Suites: 1 failed, 1 total
Tests:       1 failed, 1 total
Snapshots:   0 total
Time:        1.04 s
Ran all test suites.

➤ YN0009: packages/examples/phrases/in-hac undefined
➤ YN0009: packages/plugins/plugin-build PASS src/commands/supervisor/graph.spec.ts
  Simple dependency graph
    ✓ resolves the graph correctly (1 ms)
    ✓ can detect cyclic dependencies
    ✓ can find the optimal resolution path for a single target (142 ms)
    ✓ can find the optimal resolution path for multiple root nodes (205 ms)

Test Suites: 1 passed, 1 total
Tests:       4 passed, 4 total
Snapshots:   0 total
Time:        0.716 s, estimated 1 s
Ran all test suites.

➤ YN0009: packages/examples/phrases/lorem-ipsum PASS src/index.spec.ts
  ✓ phrase matches expected (1 ms)

Test Suites: 1 passed, 1 total
Tests:       1 passed, 1 total
Snapshots:   0 total
Time:        0.775 s, estimated 1 s
Ran all test suites.

➤ YN0009: packages/examples/lorem-ipsum FAIL src/index.spec.ts
  ● Test suite failed to run

    src/index.ts:7:1 - error TS2304: Cannot find name 'f'.

    7 f;
      ~

Test Suites: 1 failed, 1 total
Tests:       0 total
Snapshots:   0 total
Time:        1.044 s
Ran all test suites.

➤ YN0009: packages/examples/lorem-ipsum undefined
➤ YN0009: ➤ YN0000: ┌ Run test for All
➤ YN0009: ➤ YN0009: │ ┌ [stderr] packages/examples/phrases/in-hac
➤ YN0009: ➤ YN0009: │ │ FAIL src/index.spec.ts
➤ YN0009: ➤ YN0009: │ │   ✕ phrase matches expected (2 ms)
➤ YN0009: ➤ YN0009: │ │   ● phrase matches expected
➤ YN0009: ➤ YN0009: │ │     expect(received).toBe(expected) // Object.is equality
➤ YN0009: ➤ YN0009: │ │     Expected: "In hac habitasse platea consectetur. Maecenas et blanfdit nisl elit."
➤ YN0009: ➤ YN0009: │ │     Received: "In hac habitasse platea consectetur. Maecenas et blandit nisl elit."
➤ YN0009: ➤ YN0009: │ │       2 | 
➤ YN0009: ➤ YN0009: │ │       3 | test("phrase matches expected", () => {
➤ YN0009: ➤ YN0009: │ │     > 4 |   expect(phrase).toBe(
➤ YN0009: ➤ YN0009: │ │         |                  ^
➤ YN0009: ➤ YN0009: │ │       5 |     "In hac habitasse platea consectetur. Maecenas et blanfdit nisl elit."
➤ YN0009: ➤ YN0009: │ │       6 |   );
➤ YN0009: ➤ YN0009: │ │       7 | });
➤ YN0009: ➤ YN0009: │ │       at Object.<anonymous> (src/index.spec.ts:4:18)
➤ YN0009: ➤ YN0009: │ │ Test Suites: 1 failed, 1 total
➤ YN0009: ➤ YN0009: │ │ Tests:       1 failed, 1 total
➤ YN0009: ➤ YN0009: │ │ Snapshots:   0 total
➤ YN0009: ➤ YN0009: │ │ Time:        1.04 s
➤ YN0009: ➤ YN0009: │ │ Ran all test suites.
➤ YN0009: ➤ YN0009: │ │ undefined
➤ YN0009: ➤ YN0009: │ └ [stderr] packages/examples/phrases/in-hac
➤ YN0009: ➤ YN0009: │ ┌ [stderr] packages/examples/phrases/lorem-ipsum
➤ YN0009: ➤ YN0009: │ │ PASS src/index.spec.ts
➤ YN0009: ➤ YN0009: │ │   ✓ phrase matches expected (1 ms)
➤ YN0009: ➤ YN0009: │ │ Test Suites: 1 passed, 1 total
➤ YN0009: ➤ YN0009: │ │ Tests:       1 passed, 1 total
➤ YN0009: ➤ YN0009: │ │ Snapshots:   0 total
➤ YN0009: ➤ YN0009: │ │ Time:        0.775 s, estimated 1 s
➤ YN0009: ➤ YN0009: │ │ Ran all test suites.
➤ YN0009: ➤ YN0009: │ └ [stderr] packages/examples/phrases/lorem-ipsum
➤ YN0009: ➤ YN0009: │ ┌ [stderr] packages/examples/lorem-ipsum
➤ YN0009: ➤ YN0009: │ │ FAIL src/index.spec.ts
➤ YN0009: ➤ YN0009: │ │   ● Test suite failed to run
➤ YN0009: ➤ YN0009: │ │     src/index.ts:7:1 - error TS2304: Cannot find name 'f'.
➤ YN0009: ➤ YN0009: │ │     7 f;
➤ YN0009: ➤ YN0009: │ │       ~
➤ YN0009: ➤ YN0009: │ │ Test Suites: 1 failed, 1 total
➤ YN0009: ➤ YN0009: │ │ Tests:       0 total
➤ YN0009: ➤ YN0009: │ │ Snapshots:   0 total
➤ YN0009: ➤ YN0009: │ │ Time:        1.044 s
➤ YN0009: ➤ YN0009: │ │ Ran all test suites.
➤ YN0009: ➤ YN0009: │ │ undefined
➤ YN0009: ➤ YN0009: │ └ [stderr] packages/examples/lorem-ipsum
➤ YN0009: ➤ YN0009: │ ┌ [stderr] packages/plugins/plugin-build
➤ YN0009: ➤ YN0009: │ │ PASS src/commands/supervisor/graph.spec.ts
➤ YN0009: ➤ YN0009: │ │   Simple dependency graph
➤ YN0009: ➤ YN0009: │ │     ✓ resolves the graph correctly (1 ms)
➤ YN0009: ➤ YN0009: │ │     ✓ can detect cyclic dependencies
➤ YN0009: ➤ YN0009: │ │     ✓ can find the optimal resolution path for a single target (142 ms)
➤ YN0009: ➤ YN0009: │ │     ✓ can find the optimal resolution path for multiple root nodes (205 ms)
➤ YN0009: ➤ YN0009: │ │ Test Suites: 1 passed, 1 total
➤ YN0009: ➤ YN0009: │ │ Tests:       4 passed, 4 total
➤ YN0009: ➤ YN0009: │ │ Snapshots:   0 total
➤ YN0009: ➤ YN0009: │ │ Time:        0.716 s, estimated 1 s
➤ YN0009: ➤ YN0009: │ │ Ran all test suites.
➤ YN0009: ➤ YN0009: │ └ [stderr] packages/plugins/plugin-build
➤ YN0009: ➤ YN0000: ➤ Run [ test finished with 2 errors ]
➤ YN0000: [2:2/4]

➤ YN0009: packages/examples/phrases/in-hac FAIL src/index.spec.ts
  ✕ phrase matches expected (3 ms)

  ● phrase matches expected

    expect(received).toBe(expected) // Object.is equality

    Expected: "In hac habitasse platea consectetur. Maecenas et blanfdit nisl elit."
    Received: "In hac habitasse platea consectetur. Maecenas et blandit nisl elit."

      2 | 
      3 | test("phrase matches expected", () => {
    > 4 |   expect(phrase).toBe(
        |                  ^
      5 |     "In hac habitasse platea consectetur. Maecenas et blanfdit nisl elit."
      6 |   );
      7 | });

      at Object.<anonymous> (src/index.spec.ts:4:18)

Test Suites: 1 failed, 1 total
Tests:       1 failed, 1 total
Snapshots:   0 total
Time:        1.03 s
Ran all test suites.

➤ YN0009: packages/examples/phrases/in-hac undefined
➤ YN0009: packages/plugins/plugin-build PASS src/commands/supervisor/graph.spec.ts
  Simple dependency graph
    ✓ resolves the graph correctly (1 ms)
    ✓ can detect cyclic dependencies
    ✓ can find the optimal resolution path for a single target (142 ms)
    ✓ can find the optimal resolution path for multiple root nodes (211 ms)

Test Suites: 1 passed, 1 total
Tests:       4 passed, 4 total
Snapshots:   0 total
Time:        0.754 s, estimated 1 s
Ran all test suites.

➤ YN0009: packages/examples/phrases/lorem-ipsum PASS src/index.spec.ts
  ✓ phrase matches expected (1 ms)

Test Suites: 1 passed, 1 total
Tests:       1 passed, 1 total
Snapshots:   0 total
Time:        0.771 s, estimated 1 s
Ran all test suites.

➤ YN0009: packages/examples/lorem-ipsum FAIL src/index.spec.ts
  ● Test suite failed to run

    src/index.ts:7:1 - error TS2304: Cannot find name 'f'.

    7 f;
      ~

Test Suites: 1 failed, 1 total
Tests:       0 total
Snapshots:   0 total
Time:        1.048 s
Ran all test suites.

➤ YN0009: packages/examples/lorem-ipsum undefined
➤ YN0009: ➤ YN0000: ┌ Run test for All
➤ YN0009: ➤ YN0009: │ ┌ [stderr] packages/examples/phrases/in-hac
➤ YN0009: ➤ YN0009: │ │ FAIL src/index.spec.ts
➤ YN0009: ➤ YN0009: │ │   ✕ phrase matches expected (3 ms)
➤ YN0009: ➤ YN0009: │ │   ● phrase matches expected
➤ YN0009: ➤ YN0009: │ │     expect(received).toBe(expected) // Object.is equality
➤ YN0009: ➤ YN0009: │ │     Expected: "In hac habitasse platea consectetur. Maecenas et blanfdit nisl elit."
➤ YN0009: ➤ YN0009: │ │     Received: "In hac habitasse platea consectetur. Maecenas et blandit nisl elit."
➤ YN0009: ➤ YN0009: │ │       2 | 
➤ YN0009: ➤ YN0009: │ │       3 | test("phrase matches expected", () => {
➤ YN0009: ➤ YN0009: │ │     > 4 |   expect(phrase).toBe(
➤ YN0009: ➤ YN0009: │ │         |                  ^
➤ YN0009: ➤ YN0009: │ │       5 |     "In hac habitasse platea consectetur. Maecenas et blanfdit nisl elit."
➤ YN0009: ➤ YN0009: │ │       6 |   );
➤ YN0009: ➤ YN0009: │ │       7 | });
➤ YN0009: ➤ YN0009: │ │       at Object.<anonymous> (src/index.spec.ts:4:18)
➤ YN0009: ➤ YN0009: │ │ Test Suites: 1 failed, 1 total
➤ YN0009: ➤ YN0009: │ │ Tests:       1 failed, 1 total
➤ YN0009: ➤ YN0009: │ │ Snapshots:   0 total
➤ YN0009: ➤ YN0009: │ │ Time:        1.03 s
➤ YN0009: ➤ YN0009: │ │ Ran all test suites.
➤ YN0009: ➤ YN0009: │ │ undefined
➤ YN0009: ➤ YN0009: │ └ [stderr] packages/examples/phrases/in-hac
➤ YN0009: ➤ YN0009: │ ┌ [stderr] packages/examples/phrases/lorem-ipsum
➤ YN0009: ➤ YN0009: │ │ PASS src/index.spec.ts
➤ YN0009: ➤ YN0009: │ │   ✓ phrase matches expected (1 ms)
➤ YN0009: ➤ YN0009: │ │ Test Suites: 1 passed, 1 total
➤ YN0009: ➤ YN0009: │ │ Tests:       1 passed, 1 total
➤ YN0009: ➤ YN0009: │ │ Snapshots:   0 total
➤ YN0009: ➤ YN0009: │ │ Time:        0.771 s, estimated 1 s
➤ YN0009: ➤ YN0009: │ │ Ran all test suites.
➤ YN0009: ➤ YN0009: │ └ [stderr] packages/examples/phrases/lorem-ipsum
➤ YN0009: ➤ YN0009: │ ┌ [stderr] packages/examples/lorem-ipsum
➤ YN0009: ➤ YN0009: │ │ FAIL src/index.spec.ts
➤ YN0009: ➤ YN0009: │ │   ● Test suite failed to run
➤ YN0009: ➤ YN0009: │ │     src/index.ts:7:1 - error TS2304: Cannot find name 'f'.
➤ YN0009: ➤ YN0009: │ │     7 f;
➤ YN0009: ➤ YN0009: │ │       ~
➤ YN0009: ➤ YN0009: │ │ Test Suites: 1 failed, 1 total
➤ YN0009: ➤ YN0009: │ │ Tests:       0 total
➤ YN0009: ➤ YN0009: │ │ Snapshots:   0 total
➤ YN0009: ➤ YN0009: │ │ Time:        1.048 s
➤ YN0009: ➤ YN0009: │ │ Ran all test suites.
➤ YN0009: ➤ YN0009: │ │ undefined
➤ YN0009: ➤ YN0009: │ └ [stderr] packages/examples/lorem-ipsum
➤ YN0009: ➤ YN0009: │ ┌ [stderr] packages/plugins/plugin-build
➤ YN0009: ➤ YN0009: │ │ PASS src/commands/supervisor/graph.spec.ts
➤ YN0009: ➤ YN0009: │ │   Simple dependency graph
➤ YN0009: ➤ YN0009: │ │     ✓ resolves the graph correctly (1 ms)
➤ YN0009: ➤ YN0009: │ │     ✓ can detect cyclic dependencies
➤ YN0009: ➤ YN0009: │ │     ✓ can find the optimal resolution path for a single target (142 ms)
➤ YN0009: ➤ YN0009: │ │     ✓ can find the optimal resolution path for multiple root nodes (211 ms)
➤ YN0009: ➤ YN0009: │ │ Test Suites: 1 passed, 1 total
➤ YN0009: ➤ YN0009: │ │ Tests:       4 passed, 4 total
➤ YN0009: ➤ YN0009: │ │ Snapshots:   0 total
➤ YN0009: ➤ YN0009: │ │ Time:        0.754 s, estimated 1 s
➤ YN0009: ➤ YN0009: │ │ Ran all test suites.
➤ YN0009: ➤ YN0009: │ └ [stderr] packages/plugins/plugin-build
➤ YN0009: ➤ YN0000: └ Run [ test finished with 2 errors ]
➤ YN0000: [2:2/4]

➤ YN0009: packages/examples/lorem-ipsum undefined
➤ YN0009: ➤ YN0000: ┌ Run build for All
➤ YN0009: ➤ YN0009: │ ┌ [stdout] for packages/examples/lorem-ipsum
➤ YN0009: ➤ YN0009: │ │ src/index.ts:7:1 - error TS2304: Cannot find name 'f'.
➤ YN0009: ➤ YN0009: │ │ 7 f;
➤ YN0009: ➤ YN0009: │ │   ~
➤ YN0009: ➤ YN0009: │ │ Found 1 error.
➤ YN0009: ➤ YN0009: │ └ [stdout] packages/examples/lorem-ipsum
➤ YN0009: ➤ YN0009: │ ┌ [stderr] packages/examples/lorem-ipsum
➤ YN0009: ➤ YN0009: │ │ undefined
➤ YN0009: ➤ YN0009: │ └ [stderr] packages/examples/lorem-ipsum
➤ YN0009: ➤ YN0000: └ Run [ build finished with 1 errors ]
➤ YN0000: [1:1/2]

➤ YN0009: ➤ YN0000: ➤ Run [ build finished ]
➤ YN0000: [1:0/1]

➤ YN0009: packages/examples/phrases/in-hac PASS src/index.spec.ts
  ✓ phrase matches expected (1 ms)

Test Suites: 1 passed, 1 total
Tests:       1 passed, 1 total
Snapshots:   0 total
Time:        0.786 s, estimated 1 s
Ran all test suites.

➤ YN0009: packages/examples/phrases/lorem-ipsum PASS src/index.spec.ts
  ✓ phrase matches expected (1 ms)

Test Suites: 1 passed, 1 total
Tests:       1 passed, 1 total
Snapshots:   0 total
Time:        0.765 s, estimated 1 s
Ran all test suites.

➤ YN0009: packages/examples/lorem-ipsum PASS src/index.spec.ts
  ✓ lipsum matches expected

Test Suites: 1 passed, 1 total
Tests:       1 passed, 1 total
Snapshots:   0 total
Time:        0.794 s
Ran all test suites.

➤ YN0009: ➤ YN0000: ➤ Run [ test finished ]
➤ YN0000: [3:0/3]

